SF:c:\Users\gazza\Desktop\anime-takusan\animetakusan\AnimeTakusan\AnimeTakusan.AnimeProviders\AniListProvider.cs
FN:19,System.Void AnimeTakusan.AnimeProviders.AniListProvider::.ctor(AnimeTakusan.AnimeProviders.Helpers.IGraphQLClientHelper,AnimeTakusan.AnimeProviders.Helpers.IQueryLoader)
FNDA:0,System.Void AnimeTakusan.AnimeProviders.AniListProvider::.ctor(AnimeTakusan.AnimeProviders.Helpers.IGraphQLClientHelper,AnimeTakusan.AnimeProviders.Helpers.IQueryLoader)
DA:20,0
DA:21,0
DA:22,0
DA:23,0
DA:24,0
FN:26,System.Void AnimeTakusan.AnimeProviders.AniListProvider/<GetAnimeById>d__4::MoveNext()
FNDA:0,System.Void AnimeTakusan.AnimeProviders.AniListProvider/<GetAnimeById>d__4::MoveNext()
DA:27,0
DA:28,0
DA:30,0
DA:31,0
DA:32,0
DA:33,0
DA:34,0
DA:36,0
DA:38,0
DA:39,0
FN:41,System.Void AnimeTakusan.AnimeProviders.AniListProvider/<GetSeasonalAnime>d__5::MoveNext()
FNDA:0,System.Void AnimeTakusan.AnimeProviders.AniListProvider/<GetSeasonalAnime>d__5::MoveNext()
DA:42,0
DA:43,0
DA:45,0
DA:46,0
DA:47,0
DA:48,0
DA:49,0
DA:50,0
DA:51,0
DA:52,0
DA:53,0
DA:54,0
DA:55,0
DA:56,0
DA:58,0
DA:59,0
DA:60,0
BRDA:45,240,0,0
BRDA:45,240,1,0
FN:62,System.Void AnimeTakusan.AnimeProviders.AniListProvider/<SendQuery>d__6`1::MoveNext()
FNDA:0,System.Void AnimeTakusan.AnimeProviders.AniListProvider/<SendQuery>d__6`1::MoveNext()
DA:63,0
DA:64,0
DA:65,0
LF:35
LH:0
BRF:2
BRH:0
FNF:4
FNH:0
end_of_record
SF:c:\Users\gazza\Desktop\anime-takusan\animetakusan\AnimeTakusan\AnimeTakusan.AnimeProviders\FakeAnimeProvider.cs
FN:18,System.Threading.Tasks.Task`1<AnimeTakusan.Application.DTOs.AnimeProvider.Responses.AnimeResponse> AnimeTakusan.AnimeProviders.FakeAnimeProvider::GetAnimeById(System.Int32)
FNDA:0,System.Threading.Tasks.Task`1<AnimeTakusan.Application.DTOs.AnimeProvider.Responses.AnimeResponse> AnimeTakusan.AnimeProviders.FakeAnimeProvider::GetAnimeById(System.Int32)
DA:19,0
DA:20,0
DA:21,0
DA:22,0
DA:23,0
FN:25,System.Threading.Tasks.Task`1<AnimeTakusan.Application.DTOs.AnimeProvider.Responses.AnimePageResponse> AnimeTakusan.AnimeProviders.FakeAnimeProvider::GetSeasonalAnime(AnimeTakusan.Application.DTOs.AnimeProvider.Requests.AnimeSeasonalRequest)
FNDA:0,System.Threading.Tasks.Task`1<AnimeTakusan.Application.DTOs.AnimeProvider.Responses.AnimePageResponse> AnimeTakusan.AnimeProviders.FakeAnimeProvider::GetSeasonalAnime(AnimeTakusan.Application.DTOs.AnimeProvider.Requests.AnimeSeasonalRequest)
DA:26,0
DA:27,0
FN:12,System.Void AnimeTakusan.AnimeProviders.FakeAnimeProvider::.ctor()
FNDA:0,System.Void AnimeTakusan.AnimeProviders.FakeAnimeProvider::.ctor()
DA:13,0
DA:14,0
DA:15,0
DA:16,0
LF:11
LH:0
BRF:0
BRH:0
FNF:3
FNH:0
end_of_record
SF:c:\Users\gazza\Desktop\anime-takusan\animetakusan\AnimeTakusan\AnimeTakusan.AnimeProviders\ProviderModels\AniList\AniListResponse.cs
FN:4,T AnimeTakusan.AnimeProviders.ProviderModels.AniList.AniListResponse`1::get_Media()
FNDA:0,T AnimeTakusan.AnimeProviders.ProviderModels.AniList.AniListResponse`1::get_Media()
DA:5,0
LF:1
LH:0
BRF:0
BRH:0
FNF:1
FNH:0
end_of_record
SF:c:\Users\gazza\Desktop\anime-takusan\animetakusan\AnimeTakusan\AnimeTakusan.AnimeProviders\ProviderModels\AniList\Requests\AniListAnimeRequest.cs
FN:6,System.Int32 AnimeTakusan.AnimeProviders.ProviderModels.AniList.Requests.AniListAnimeRequest::get_Id()
FNDA:0,System.Int32 AnimeTakusan.AnimeProviders.ProviderModels.AniList.Requests.AniListAnimeRequest::get_Id()
DA:7,0
LF:1
LH:0
BRF:0
BRH:0
FNF:1
FNH:0
end_of_record
SF:c:\Users\gazza\Desktop\anime-takusan\animetakusan\AnimeTakusan\AnimeTakusan.AnimeProviders\ProviderModels\AniList\Requests\AniListSeasonalRequest.cs
FN:4,AnimeTakusan.AnimeProviders.ProviderModels.AniList.Requests.AniListSeason AnimeTakusan.AnimeProviders.ProviderModels.AniList.Requests.AniListSeasonalRequest::get_Season()
FNDA:0,AnimeTakusan.AnimeProviders.ProviderModels.AniList.Requests.AniListSeason AnimeTakusan.AnimeProviders.ProviderModels.AniList.Requests.AniListSeasonalRequest::get_Season()
DA:5,0
FN:5,System.Int32 AnimeTakusan.AnimeProviders.ProviderModels.AniList.Requests.AniListSeasonalRequest::get_SeasonYear()
FNDA:0,System.Int32 AnimeTakusan.AnimeProviders.ProviderModels.AniList.Requests.AniListSeasonalRequest::get_SeasonYear()
DA:6,0
FN:6,AnimeTakusan.AnimeProviders.ProviderModels.AniList.Requests.AniListSort AnimeTakusan.AnimeProviders.ProviderModels.AniList.Requests.AniListSeasonalRequest::get_Sort()
FNDA:0,AnimeTakusan.AnimeProviders.ProviderModels.AniList.Requests.AniListSort AnimeTakusan.AnimeProviders.ProviderModels.AniList.Requests.AniListSeasonalRequest::get_Sort()
DA:7,0
FN:7,System.Int32 AnimeTakusan.AnimeProviders.ProviderModels.AniList.Requests.AniListSeasonalRequest::get_Page()
FNDA:0,System.Int32 AnimeTakusan.AnimeProviders.ProviderModels.AniList.Requests.AniListSeasonalRequest::get_Page()
DA:8,0
FN:8,System.Int32 AnimeTakusan.AnimeProviders.ProviderModels.AniList.Requests.AniListSeasonalRequest::get_PerPage()
FNDA:0,System.Int32 AnimeTakusan.AnimeProviders.ProviderModels.AniList.Requests.AniListSeasonalRequest::get_PerPage()
DA:9,0
LF:5
LH:0
BRF:0
BRH:0
FNF:5
FNH:0
end_of_record
SF:c:\Users\gazza\Desktop\anime-takusan\animetakusan\AnimeTakusan\AnimeTakusan.AnimeProviders\ProviderModels\AniList\AniListPageResponse.cs
FN:4,AnimeTakusan.AnimeProviders.ProviderModels.AniList.Responses.AniListPage`1<T> AnimeTakusan.AnimeProviders.ProviderModels.AniList.Responses.AniListPageResponse`1::get_Page()
FNDA:0,AnimeTakusan.AnimeProviders.ProviderModels.AniList.Responses.AniListPage`1<T> AnimeTakusan.AnimeProviders.ProviderModels.AniList.Responses.AniListPageResponse`1::get_Page()
DA:5,0
FN:9,AnimeTakusan.AnimeProviders.ProviderModels.AniList.Responses.AniListPageInfo AnimeTakusan.AnimeProviders.ProviderModels.AniList.Responses.AniListPage`1::get_PageInfo()
FNDA:0,AnimeTakusan.AnimeProviders.ProviderModels.AniList.Responses.AniListPageInfo AnimeTakusan.AnimeProviders.ProviderModels.AniList.Responses.AniListPage`1::get_PageInfo()
DA:10,0
FN:10,System.Collections.Generic.List`1<T> AnimeTakusan.AnimeProviders.ProviderModels.AniList.Responses.AniListPage`1::get_Media()
FNDA:0,System.Collections.Generic.List`1<T> AnimeTakusan.AnimeProviders.ProviderModels.AniList.Responses.AniListPage`1::get_Media()
DA:11,0
FN:15,System.Int32 AnimeTakusan.AnimeProviders.ProviderModels.AniList.Responses.AniListPageInfo::get_PerPage()
FNDA:0,System.Int32 AnimeTakusan.AnimeProviders.ProviderModels.AniList.Responses.AniListPageInfo::get_PerPage()
DA:16,0
FN:16,System.Int32 AnimeTakusan.AnimeProviders.ProviderModels.AniList.Responses.AniListPageInfo::get_CurrentPage()
FNDA:0,System.Int32 AnimeTakusan.AnimeProviders.ProviderModels.AniList.Responses.AniListPageInfo::get_CurrentPage()
DA:17,0
FN:17,System.Boolean AnimeTakusan.AnimeProviders.ProviderModels.AniList.Responses.AniListPageInfo::get_HasNextPage()
FNDA:0,System.Boolean AnimeTakusan.AnimeProviders.ProviderModels.AniList.Responses.AniListPageInfo::get_HasNextPage()
DA:18,0
LF:6
LH:0
BRF:0
BRH:0
FNF:6
FNH:0
end_of_record
SF:c:\Users\gazza\Desktop\anime-takusan\animetakusan\AnimeTakusan\AnimeTakusan.AnimeProviders\ProviderModels\AniList\Responses\AniListAnimeResponse.cs
FN:5,System.Int32 AnimeTakusan.AnimeProviders.ProviderModels.AniList.Responses.AniListAnimeResponse::get_Id()
FNDA:0,System.Int32 AnimeTakusan.AnimeProviders.ProviderModels.AniList.Responses.AniListAnimeResponse::get_Id()
DA:6,0
FN:6,AnimeTakusan.AnimeProviders.ProviderModels.AniList.Responses.AniListTitle AnimeTakusan.AnimeProviders.ProviderModels.AniList.Responses.AniListAnimeResponse::get_Title()
FNDA:0,AnimeTakusan.AnimeProviders.ProviderModels.AniList.Responses.AniListTitle AnimeTakusan.AnimeProviders.ProviderModels.AniList.Responses.AniListAnimeResponse::get_Title()
DA:7,0
FN:11,System.String AnimeTakusan.AnimeProviders.ProviderModels.AniList.Responses.AniListTitle::get_English()
FNDA:0,System.String AnimeTakusan.AnimeProviders.ProviderModels.AniList.Responses.AniListTitle::get_English()
DA:12,0
FN:12,System.String AnimeTakusan.AnimeProviders.ProviderModels.AniList.Responses.AniListTitle::get_Romaji()
FNDA:0,System.String AnimeTakusan.AnimeProviders.ProviderModels.AniList.Responses.AniListTitle::get_Romaji()
DA:13,0
FN:13,System.String AnimeTakusan.AnimeProviders.ProviderModels.AniList.Responses.AniListTitle::get_Native()
FNDA:0,System.String AnimeTakusan.AnimeProviders.ProviderModels.AniList.Responses.AniListTitle::get_Native()
DA:14,0
LF:5
LH:0
BRF:0
BRH:0
FNF:5
FNH:0
end_of_record
SF:c:\Users\gazza\Desktop\anime-takusan\animetakusan\AnimeTakusan\AnimeTakusan.AnimeProviders\Mappers\AniListMappingConfig.cs
FN:13,System.Void AnimeTakusan.AnimeProviders.Mappers.AniListMappingConfig::Register(Mapster.TypeAdapterConfig)
FNDA:0,System.Void AnimeTakusan.AnimeProviders.Mappers.AniListMappingConfig::Register(Mapster.TypeAdapterConfig)
DA:14,0
DA:15,0
DA:16,0
DA:17,0
DA:18,0
LF:5
LH:0
BRF:0
BRH:0
FNF:1
FNH:0
end_of_record
SF:c:\Users\gazza\Desktop\anime-takusan\animetakusan\AnimeTakusan\AnimeTakusan.AnimeProviders\Helpers\GraphQLClientHelper.cs
FN:21,System.Void AnimeTakusan.AnimeProviders.Helpers.GraphQLClientHelper::.ctor(System.Net.Http.HttpClient)
FNDA:0,System.Void AnimeTakusan.AnimeProviders.Helpers.GraphQLClientHelper::.ctor(System.Net.Http.HttpClient)
DA:22,0
DA:23,0
DA:24,0
DA:25,0
DA:26,0
FN:43,System.String AnimeTakusan.AnimeProviders.Helpers.GraphQLClientHelper/<>c__3`1::<SendQueryAsync>b__3_0(GraphQL.GraphQLError)
FNDA:0,System.String AnimeTakusan.AnimeProviders.Helpers.GraphQLClientHelper/<>c__3`1::<SendQueryAsync>b__3_0(GraphQL.GraphQLError)
DA:44,0
FN:28,System.Void AnimeTakusan.AnimeProviders.Helpers.GraphQLClientHelper/<SendQueryAsync>d__3`1::MoveNext()
FNDA:0,System.Void AnimeTakusan.AnimeProviders.Helpers.GraphQLClientHelper/<SendQueryAsync>d__3`1::MoveNext()
DA:29,0
DA:30,0
DA:31,0
DA:32,0
DA:35,0
DA:37,0
DA:38,0
DA:39,0
DA:42,0
DA:43,0
DA:47,0
DA:48,0
BRDA:30,29,0,0
BRDA:30,29,1,0
BRDA:37,207,0,0
BRDA:37,207,1,0
BRDA:42,238,0,0
BRDA:42,238,1,0
BRDA:42,263,0,0
BRDA:44,289,0,0
BRDA:44,289,1,0
BRDA:42,263,1,0
LF:18
LH:0
BRF:10
BRH:0
FNF:3
FNH:0
end_of_record
SF:c:\Users\gazza\Desktop\anime-takusan\animetakusan\AnimeTakusan\AnimeTakusan.AnimeProviders\Helpers\QueryLoader.cs
FN:13,System.Void AnimeTakusan.AnimeProviders.Helpers.QueryLoader::.cctor()
FNDA:0,System.Void AnimeTakusan.AnimeProviders.Helpers.QueryLoader::.cctor()
DA:14,0
FN:16,System.Void AnimeTakusan.AnimeProviders.Helpers.QueryLoader/<LoadQueryAsync>d__1::MoveNext()
FNDA:0,System.Void AnimeTakusan.AnimeProviders.Helpers.QueryLoader/<LoadQueryAsync>d__1::MoveNext()
DA:17,0
DA:18,0
DA:19,0
DA:20,0
DA:23,0
DA:24,0
DA:26,0
DA:27,0
DA:28,0
DA:30,0
DA:32,0
DA:33,0
DA:35,0
DA:36,0
BRDA:18,39,0,0
BRDA:18,39,1,0
BRDA:27,134,0,0
BRDA:27,134,1,0
LF:15
LH:0
BRF:4
BRH:0
FNF:2
FNH:0
end_of_record
SF:c:\Users\gazza\Desktop\anime-takusan\animetakusan\AnimeTakusan\AnimeTakusan.AnimeProviders\Helpers\Fakers\AnimeProviderFakers.cs
FN:8,Bogus.Faker`1<AnimeTakusan.Application.DTOs.AnimeProvider.Responses.AnimeResponse> AnimeTakusan.AnimeProviders.Helpers.Fakers.AnimeProviderFakers::get_AnimeResponseFaker()
FNDA:0,Bogus.Faker`1<AnimeTakusan.Application.DTOs.AnimeProvider.Responses.AnimeResponse> AnimeTakusan.AnimeProviders.Helpers.Fakers.AnimeProviderFakers::get_AnimeResponseFaker()
DA:9,0
DA:10,0
DA:11,0
FN:12,Bogus.Faker`1<AnimeTakusan.Application.DTOs.AnimeProvider.Responses.Title> AnimeTakusan.AnimeProviders.Helpers.Fakers.AnimeProviderFakers::get_TitleFaker()
FNDA:0,Bogus.Faker`1<AnimeTakusan.Application.DTOs.AnimeProvider.Responses.Title> AnimeTakusan.AnimeProviders.Helpers.Fakers.AnimeProviderFakers::get_TitleFaker()
DA:13,0
DA:14,0
DA:15,0
DA:16,0
FN:17,Bogus.Faker`1<AnimeTakusan.AnimeProviders.ProviderModels.AniList.Responses.AniListAnimeResponse> AnimeTakusan.AnimeProviders.Helpers.Fakers.AnimeProviderFakers::get_AniListAnimeFaker()
FNDA:0,Bogus.Faker`1<AnimeTakusan.AnimeProviders.ProviderModels.AniList.Responses.AniListAnimeResponse> AnimeTakusan.AnimeProviders.Helpers.Fakers.AnimeProviderFakers::get_AniListAnimeFaker()
DA:18,0
DA:19,0
DA:20,0
FN:21,Bogus.Faker`1<AnimeTakusan.AnimeProviders.ProviderModels.AniList.Responses.AniListTitle> AnimeTakusan.AnimeProviders.Helpers.Fakers.AnimeProviderFakers::get_AniListTitleFaker()
FNDA:0,Bogus.Faker`1<AnimeTakusan.AnimeProviders.ProviderModels.AniList.Responses.AniListTitle> AnimeTakusan.AnimeProviders.Helpers.Fakers.AnimeProviderFakers::get_AniListTitleFaker()
DA:22,0
DA:23,0
DA:24,0
DA:25,0
LF:14
LH:0
BRF:0
BRH:0
FNF:4
FNH:0
end_of_record
SF:c:\Users\gazza\Desktop\anime-takusan\animetakusan\AnimeTakusan\AnimeTakusan.API\Program.cs
FN:11,System.Void Program::<Main>$(System.String[])
FNDA:0,System.Void Program::<Main>$(System.String[])
DA:12,0
DA:15,0
DA:16,0
DA:17,0
DA:19,0
DA:20,0
DA:21,0
DA:22,0
DA:23,0
DA:26,0
DA:29,0
DA:30,0
DA:31,0
DA:32,0
DA:33,0
DA:36,0
DA:39,0
DA:40,0
DA:41,0
DA:42,0
DA:43,0
DA:46,0
DA:49,0
DA:51,0
DA:52,0
DA:53,0
DA:55,0
DA:57,0
DA:60,0
DA:61,0
DA:62,0
DA:63,0
DA:64,0
DA:66,0
DA:68,0
DA:70,0
DA:72,0
DA:73,0
DA:75,0
DA:76,0
DA:77,0
DA:79,0
DA:81,0
BRDA:60,429,0,0
BRDA:60,429,1,0
LF:43
LH:0
BRF:2
BRH:0
FNF:1
FNH:0
end_of_record
SF:c:\Users\gazza\Desktop\anime-takusan\animetakusan\AnimeTakusan\AnimeTakusan.API\Handlers\GlobalExceptionHandler.cs
FN:43,AnimeTakusan.Application.DTOs.Common.Responses.ExceptionDetails AnimeTakusan.API.Handlers.GlobalExceptionHandler::GetDefaultExceptionDetails(System.Exception)
FNDA:0,AnimeTakusan.Application.DTOs.Common.Responses.ExceptionDetails AnimeTakusan.API.Handlers.GlobalExceptionHandler::GetDefaultExceptionDetails(System.Exception)
DA:44,0
DA:45,0
DA:46,0
DA:47,0
DA:48,0
DA:49,0
DA:50,0
FN:12,System.Void AnimeTakusan.API.Handlers.GlobalExceptionHandler::.ctor(Microsoft.Extensions.Logging.ILogger`1<AnimeTakusan.API.Handlers.GlobalExceptionHandler>,System.Collections.Generic.IEnumerable`1<AnimeTakusan.Application.Interfaces.IExceptionMapper>)
FNDA:0,System.Void AnimeTakusan.API.Handlers.GlobalExceptionHandler::.ctor(Microsoft.Extensions.Logging.ILogger`1<AnimeTakusan.API.Handlers.GlobalExceptionHandler>,System.Collections.Generic.IEnumerable`1<AnimeTakusan.Application.Interfaces.IExceptionMapper>)
DA:13,0
DA:14,0
DA:15,0
DA:16,0
DA:17,0
DA:18,0
DA:19,0
FN:28,System.Boolean AnimeTakusan.API.Handlers.GlobalExceptionHandler/<>c__DisplayClass3_0::<TryHandleAsync>b__0(AnimeTakusan.Application.Interfaces.IExceptionMapper)
FNDA:0,System.Boolean AnimeTakusan.API.Handlers.GlobalExceptionHandler/<>c__DisplayClass3_0::<TryHandleAsync>b__0(AnimeTakusan.Application.Interfaces.IExceptionMapper)
DA:29,0
FN:24,System.Void AnimeTakusan.API.Handlers.GlobalExceptionHandler/<TryHandleAsync>d__3::MoveNext()
FNDA:0,System.Void AnimeTakusan.API.Handlers.GlobalExceptionHandler/<TryHandleAsync>d__3::MoveNext()
DA:25,0
DA:26,0
DA:31,0
DA:32,0
DA:34,0
DA:35,0
DA:37,0
DA:39,0
DA:40,0
BRDA:31,142,0,0
BRDA:31,142,1,0
BRDA:31,165,0,0
BRDA:31,165,1,0
LF:24
LH:0
BRF:4
BRH:0
FNF:4
FNH:0
end_of_record
SF:c:\Users\gazza\Desktop\anime-takusan\animetakusan\AnimeTakusan\AnimeTakusan.API\Handlers\Mappers\AniListExceptionMapper.cs
FN:9,System.Boolean AnimeTakusan.API.Handlers.Mappers.AniListExceptionMapper::CanHandle(System.Exception)
FNDA:0,System.Boolean AnimeTakusan.API.Handlers.Mappers.AniListExceptionMapper::CanHandle(System.Exception)
DA:10,0
DA:11,0
DA:12,0
BRDA:11,7,0,0
BRDA:11,7,1,0
BRDA:11,15,1,0
BRDA:11,15,0,0
FN:14,AnimeTakusan.Application.DTOs.Common.Responses.ExceptionDetails AnimeTakusan.API.Handlers.Mappers.AniListExceptionMapper::MapException(System.Exception)
FNDA:0,AnimeTakusan.Application.DTOs.Common.Responses.ExceptionDetails AnimeTakusan.API.Handlers.Mappers.AniListExceptionMapper::MapException(System.Exception)
DA:15,0
DA:17,0
DA:18,0
DA:19,0
DA:20,0
DA:21,0
DA:22,0
DA:23,0
DA:24,0
DA:25,0
DA:26,0
DA:27,0
DA:28,0
BRDA:17,11,0,0
BRDA:17,11,1,0
BRDA:17,19,1,0
BRDA:17,19,0,0
LF:16
LH:0
BRF:8
BRH:0
FNF:2
FNH:0
end_of_record
SF:c:\Users\gazza\Desktop\anime-takusan\animetakusan\AnimeTakusan\AnimeTakusan.API\Handlers\Mappers\AuthenticationExceptionMapper.cs
FN:11,System.Boolean AnimeTakusan.API.Handlers.Mappers.AuthenticationExceptionMapper::CanHandle(System.Exception)
FNDA:0,System.Boolean AnimeTakusan.API.Handlers.Mappers.AuthenticationExceptionMapper::CanHandle(System.Exception)
DA:12,0
DA:13,0
DA:14,0
DA:15,0
DA:16,0
DA:17,0
DA:18,0
DA:19,0
BRDA:13,7,0,0
BRDA:13,15,0,0
BRDA:13,23,0,0
BRDA:13,31,0,0
BRDA:13,39,0,0
BRDA:13,7,1,0
BRDA:13,15,1,0
BRDA:13,23,1,0
BRDA:13,31,1,0
BRDA:13,39,1,0
BRDA:13,47,1,0
BRDA:13,47,0,0
FN:21,AnimeTakusan.Application.DTOs.Common.Responses.ExceptionDetails AnimeTakusan.API.Handlers.Mappers.AuthenticationExceptionMapper::MapException(System.Exception)
FNDA:0,AnimeTakusan.Application.DTOs.Common.Responses.ExceptionDetails AnimeTakusan.API.Handlers.Mappers.AuthenticationExceptionMapper::MapException(System.Exception)
DA:22,0
DA:23,0
DA:24,0
DA:25,0
DA:26,0
DA:27,0
DA:28,0
DA:29,0
DA:30,0
DA:31,0
DA:32,0
DA:33,0
DA:34,0
DA:35,0
DA:36,0
DA:37,0
DA:38,0
DA:39,0
DA:40,0
DA:41,0
DA:42,0
DA:43,0
DA:44,0
DA:45,0
DA:46,0
DA:47,0
DA:48,0
DA:49,0
DA:50,0
DA:51,0
DA:52,0
BRDA:23,11,0,0
BRDA:23,19,0,0
BRDA:23,27,0,0
BRDA:23,35,0,0
BRDA:23,43,0,0
BRDA:23,51,0,0
BRDA:23,11,1,0
BRDA:23,19,1,0
BRDA:23,27,1,0
BRDA:23,35,1,0
BRDA:23,43,1,0
BRDA:23,51,1,0
BRDA:23,59,1,0
BRDA:23,59,0,0
LF:39
LH:0
BRF:26
BRH:0
FNF:2
FNH:0
end_of_record
SF:c:\Users\gazza\Desktop\anime-takusan\animetakusan\AnimeTakusan\AnimeTakusan.API\Extensions\AnimeProviderExtensions.cs
FN:10,Microsoft.Extensions.DependencyInjection.IServiceCollection AnimeTakusan.API.Extensions.AnimeProviderExtensions::AddAniListAnimeProvider(Microsoft.Extensions.DependencyInjection.IServiceCollection,Microsoft.Extensions.Configuration.IConfiguration)
FNDA:0,Microsoft.Extensions.DependencyInjection.IServiceCollection AnimeTakusan.API.Extensions.AnimeProviderExtensions::AddAniListAnimeProvider(Microsoft.Extensions.DependencyInjection.IServiceCollection,Microsoft.Extensions.Configuration.IConfiguration)
DA:11,0
DA:12,0
DA:13,0
DA:15,0
DA:16,0
DA:18,0
DA:19,0
DA:20,0
DA:21,0
DA:22,0
DA:24,0
DA:25,0
BRDA:12,35,0,0
BRDA:12,35,1,0
LF:12
LH:0
BRF:2
BRH:0
FNF:1
FNH:0
end_of_record
SF:c:\Users\gazza\Desktop\anime-takusan\animetakusan\AnimeTakusan\AnimeTakusan.API\Extensions\ApplicationServicesExtensions.cs
FN:9,Microsoft.AspNetCore.Builder.WebApplicationBuilder AnimeTakusan.API.Extensions.ApplicationServicesExtensions::AddCorsPolicies(Microsoft.AspNetCore.Builder.WebApplicationBuilder,Microsoft.Extensions.Configuration.IConfiguration)
FNDA:0,Microsoft.AspNetCore.Builder.WebApplicationBuilder AnimeTakusan.API.Extensions.ApplicationServicesExtensions::AddCorsPolicies(Microsoft.AspNetCore.Builder.WebApplicationBuilder,Microsoft.Extensions.Configuration.IConfiguration)
DA:10,0
DA:11,0
DA:14,0
DA:15,0
DA:16,0
DA:17,0
DA:18,0
DA:19,0
DA:20,0
DA:21,0
DA:22,0
DA:23,0
DA:24,0
DA:25,0
DA:26,0
DA:27,0
DA:28,0
DA:29,0
DA:30,0
DA:31,0
DA:32,0
DA:33,0
DA:34,0
DA:35,0
DA:36,0
DA:38,0
DA:39,0
BRDA:11,25,0,0
BRDA:11,25,1,0
BRDA:16,14,0,0
BRDA:16,14,1,0
BRDA:26,57,0,0
BRDA:26,57,1,0
FN:41,System.Void AnimeTakusan.API.Extensions.ApplicationServicesExtensions::ApplyDatabaseMigrations(Microsoft.AspNetCore.Builder.WebApplication)
FNDA:0,System.Void AnimeTakusan.API.Extensions.ApplicationServicesExtensions::ApplyDatabaseMigrations(Microsoft.AspNetCore.Builder.WebApplication)
DA:42,0
DA:43,0
DA:44,0
DA:47,0
DA:48,0
DA:49,0
DA:51,0
DA:52,0
DA:53,0
DA:54,0
DA:55,0
DA:56,0
DA:57,0
DA:58,0
DA:60,0
FN:62,Microsoft.AspNetCore.Builder.WebApplicationBuilder AnimeTakusan.API.Extensions.ApplicationServicesExtensions::AddServices(Microsoft.AspNetCore.Builder.WebApplicationBuilder)
FNDA:0,Microsoft.AspNetCore.Builder.WebApplicationBuilder AnimeTakusan.API.Extensions.ApplicationServicesExtensions::AddServices(Microsoft.AspNetCore.Builder.WebApplicationBuilder)
DA:63,0
DA:64,0
DA:65,0
DA:66,0
DA:67,0
DA:68,0
DA:69,0
DA:71,0
DA:72,0
LF:51
LH:0
BRF:6
BRH:0
FNF:3
FNH:0
end_of_record
SF:c:\Users\gazza\Desktop\anime-takusan\animetakusan\AnimeTakusan\AnimeTakusan.API\Extensions\AuthenticationExtensions.cs
FN:12,Microsoft.Extensions.DependencyInjection.IServiceCollection AnimeTakusan.API.Extensions.AuthenticationExtensions::AddIdentity(Microsoft.AspNetCore.Builder.WebApplicationBuilder)
FNDA:0,Microsoft.Extensions.DependencyInjection.IServiceCollection AnimeTakusan.API.Extensions.AuthenticationExtensions::AddIdentity(Microsoft.AspNetCore.Builder.WebApplicationBuilder)
DA:13,0
DA:14,0
DA:15,0
DA:16,0
DA:17,0
DA:18,0
DA:19,0
DA:20,0
DA:21,0
DA:22,0
DA:23,0
DA:24,0
DA:25,0
DA:26,0
DA:28,0
DA:29,0
FN:31,Microsoft.AspNetCore.Authentication.AuthenticationBuilder AnimeTakusan.API.Extensions.AuthenticationExtensions::AddBaseAuthentication(Microsoft.Extensions.DependencyInjection.IServiceCollection)
FNDA:0,Microsoft.AspNetCore.Authentication.AuthenticationBuilder AnimeTakusan.API.Extensions.AuthenticationExtensions::AddBaseAuthentication(Microsoft.Extensions.DependencyInjection.IServiceCollection)
DA:32,0
DA:33,0
DA:34,0
DA:35,0
DA:36,0
DA:37,0
DA:38,0
DA:39,0
FN:41,Microsoft.AspNetCore.Authentication.AuthenticationBuilder AnimeTakusan.API.Extensions.AuthenticationExtensions::AddGoogleAuthentication(Microsoft.AspNetCore.Authentication.AuthenticationBuilder,Microsoft.Extensions.Configuration.IConfiguration)
FNDA:0,Microsoft.AspNetCore.Authentication.AuthenticationBuilder AnimeTakusan.API.Extensions.AuthenticationExtensions::AddGoogleAuthentication(Microsoft.AspNetCore.Authentication.AuthenticationBuilder,Microsoft.Extensions.Configuration.IConfiguration)
DA:42,0
DA:43,0
DA:44,0
DA:45,0
DA:46,0
DA:47,0
DA:49,0
DA:50,0
DA:51,0
DA:52,0
DA:53,0
DA:54,0
DA:55,0
DA:56,0
DA:57,0
DA:58,0
DA:59,0
FN:61,Microsoft.AspNetCore.Authentication.AuthenticationBuilder AnimeTakusan.API.Extensions.AuthenticationExtensions::AddJwtAuthentication(Microsoft.AspNetCore.Authentication.AuthenticationBuilder,Microsoft.Extensions.Configuration.IConfiguration)
FNDA:0,Microsoft.AspNetCore.Authentication.AuthenticationBuilder AnimeTakusan.API.Extensions.AuthenticationExtensions::AddJwtAuthentication(Microsoft.AspNetCore.Authentication.AuthenticationBuilder,Microsoft.Extensions.Configuration.IConfiguration)
DA:62,0
DA:63,0
DA:64,0
DA:65,0
DA:66,0
DA:67,0
DA:68,0
DA:70,0
DA:71,0
DA:72,0
DA:73,0
DA:74,0
DA:75,0
DA:76,0
DA:77,0
DA:78,0
DA:79,0
DA:80,0
DA:81,0
DA:82,0
DA:83,0
DA:84,0
DA:85,0
DA:86,0
DA:87,0
DA:88,0
DA:89,0
DA:90,0
DA:91,0
DA:92,0
FN:94,System.Void AnimeTakusan.API.Extensions.AuthenticationExtensions::ValidateConfiguration(Microsoft.Extensions.Configuration.IConfiguration,System.String[])
FNDA:0,System.Void AnimeTakusan.API.Extensions.AuthenticationExtensions::ValidateConfiguration(Microsoft.Extensions.Configuration.IConfiguration,System.String[])
DA:95,0
DA:96,0
DA:97,0
DA:98,0
DA:99,0
DA:100,0
DA:102,0
DA:103,0
BRDA:96,61,1,0
BRDA:98,27,0,0
BRDA:98,27,1,0
BRDA:96,61,0,0
LF:79
LH:0
BRF:4
BRH:0
FNF:5
FNH:0
end_of_record
SF:c:\Users\gazza\Desktop\anime-takusan\animetakusan\AnimeTakusan\AnimeTakusan.API\Extensions\ExceptionExtensions.cs
FN:10,Microsoft.Extensions.DependencyInjection.IServiceCollection AnimeTakusan.API.Extensions.ExceptionExtensions::AddExceptionHandling(Microsoft.Extensions.DependencyInjection.IServiceCollection)
FNDA:0,Microsoft.Extensions.DependencyInjection.IServiceCollection AnimeTakusan.API.Extensions.ExceptionExtensions::AddExceptionHandling(Microsoft.Extensions.DependencyInjection.IServiceCollection)
DA:11,0
DA:13,0
DA:16,0
DA:17,0
DA:19,0
DA:20,0
LF:6
LH:0
BRF:0
BRH:0
FNF:1
FNH:0
end_of_record
SF:c:\Users\gazza\Desktop\anime-takusan\animetakusan\AnimeTakusan\AnimeTakusan.API\Extensions\MapsterExtensions.cs
FN:21,Microsoft.Extensions.DependencyInjection.IServiceCollection AnimeTakusan.API.Extensions.MapsterExtensions::AddMapster(Microsoft.Extensions.DependencyInjection.IServiceCollection)
FNDA:0,Microsoft.Extensions.DependencyInjection.IServiceCollection AnimeTakusan.API.Extensions.MapsterExtensions::AddMapster(Microsoft.Extensions.DependencyInjection.IServiceCollection)
DA:22,0
DA:24,0
DA:25,0
DA:26,0
DA:27,0
DA:29,0
DA:31,0
DA:32,0
LF:8
LH:0
BRF:0
BRH:0
FNF:1
FNH:0
end_of_record
SF:c:\Users\gazza\Desktop\anime-takusan\animetakusan\AnimeTakusan\AnimeTakusan.API\Extensions\RateLimitingExtensions.cs
FN:7,Microsoft.Extensions.DependencyInjection.IServiceCollection AnimeTakusan.API.Extensions.RateLimitingExtensions::AddRateLimiting(Microsoft.Extensions.DependencyInjection.IServiceCollection)
FNDA:0,Microsoft.Extensions.DependencyInjection.IServiceCollection AnimeTakusan.API.Extensions.RateLimitingExtensions::AddRateLimiting(Microsoft.Extensions.DependencyInjection.IServiceCollection)
DA:8,0
DA:9,0
DA:10,0
DA:11,0
DA:12,0
DA:13,0
DA:14,0
DA:15,0
FN:17,System.Void AnimeTakusan.API.Extensions.RateLimitingExtensions::AuthRateLimiting(Microsoft.AspNetCore.RateLimiting.RateLimiterOptions)
FNDA:0,System.Void AnimeTakusan.API.Extensions.RateLimitingExtensions::AuthRateLimiting(Microsoft.AspNetCore.RateLimiting.RateLimiterOptions)
DA:18,0
DA:19,0
DA:20,0
DA:21,0
DA:22,0
DA:23,0
DA:24,0
FN:26,System.Void AnimeTakusan.API.Extensions.RateLimitingExtensions::TokenRateLimiting(Microsoft.AspNetCore.RateLimiting.RateLimiterOptions)
FNDA:0,System.Void AnimeTakusan.API.Extensions.RateLimitingExtensions::TokenRateLimiting(Microsoft.AspNetCore.RateLimiting.RateLimiterOptions)
DA:27,0
DA:28,0
DA:29,0
DA:30,0
DA:31,0
DA:32,0
DA:33,0
DA:34,0
DA:35,0
FN:37,System.Void AnimeTakusan.API.Extensions.RateLimitingExtensions::AnimeRateLimiting(Microsoft.AspNetCore.RateLimiting.RateLimiterOptions)
FNDA:0,System.Void AnimeTakusan.API.Extensions.RateLimitingExtensions::AnimeRateLimiting(Microsoft.AspNetCore.RateLimiting.RateLimiterOptions)
DA:38,0
DA:39,0
DA:40,0
DA:41,0
DA:42,0
DA:43,0
DA:44,0
DA:45,0
DA:46,0
LF:33
LH:0
BRF:0
BRH:0
FNF:4
FNH:0
end_of_record
SF:c:\Users\gazza\Desktop\anime-takusan\animetakusan\AnimeTakusan\AnimeTakusan.API\Controllers\AnimeController.cs
FN:16,System.Void AnimeTakusan.API.Controllers.AnimeController::.ctor(AnimeTakusan.Application.Interfaces.IAnimeService)
FNDA:0,System.Void AnimeTakusan.API.Controllers.AnimeController::.ctor(AnimeTakusan.Application.Interfaces.IAnimeService)
DA:17,0
DA:18,0
DA:19,0
DA:20,0
FN:23,System.Void AnimeTakusan.API.Controllers.AnimeController/<GetAnimeById>d__2::MoveNext()
FNDA:0,System.Void AnimeTakusan.API.Controllers.AnimeController/<GetAnimeById>d__2::MoveNext()
DA:24,0
DA:25,0
DA:26,0
FN:29,System.Void AnimeTakusan.API.Controllers.AnimeController/<GetSeasonalAnime>d__3::MoveNext()
FNDA:0,System.Void AnimeTakusan.API.Controllers.AnimeController/<GetSeasonalAnime>d__3::MoveNext()
DA:30,0
DA:31,0
DA:32,0
LF:10
LH:0
BRF:0
BRH:0
FNF:3
FNH:0
end_of_record
SF:c:\Users\gazza\Desktop\anime-takusan\animetakusan\AnimeTakusan\AnimeTakusan.API\Controllers\AuthController.cs
FN:69,Microsoft.AspNetCore.Mvc.IActionResult AnimeTakusan.API.Controllers.AuthController::Google()
FNDA:0,Microsoft.AspNetCore.Mvc.IActionResult AnimeTakusan.API.Controllers.AuthController::Google()
DA:70,0
DA:71,0
DA:72,0
DA:73,0
DA:74,0
DA:76,0
DA:77,0
FN:21,System.Void AnimeTakusan.API.Controllers.AuthController::.ctor(Microsoft.Extensions.Configuration.IConfiguration,AnimeTakusan.Application.Interfaces.IAuthService)
FNDA:0,System.Void AnimeTakusan.API.Controllers.AuthController::.ctor(Microsoft.Extensions.Configuration.IConfiguration,AnimeTakusan.Application.Interfaces.IAuthService)
DA:22,0
DA:23,0
DA:24,0
DA:25,0
DA:26,0
FN:37,System.Void AnimeTakusan.API.Controllers.AuthController/<GetUserInfo>d__4::MoveNext()
FNDA:0,System.Void AnimeTakusan.API.Controllers.AuthController/<GetUserInfo>d__4::MoveNext()
DA:38,0
DA:39,0
DA:40,0
DA:41,0
DA:42,0
DA:44,0
DA:45,0
BRDA:40,161,0,0
BRDA:40,161,1,0
FN:80,System.Void AnimeTakusan.API.Controllers.AuthController/<GoogleCallback>d__8::MoveNext()
FNDA:0,System.Void AnimeTakusan.API.Controllers.AuthController/<GoogleCallback>d__8::MoveNext()
DA:81,0
DA:82,0
DA:83,0
DA:84,0
DA:87,0
DA:89,0
DA:90,0
DA:91,0
DA:94,0
DA:97,0
DA:99,0
DA:100,0
BRDA:82,69,0,0
BRDA:82,69,1,0
BRDA:89,248,0,0
BRDA:89,248,1,0
FN:49,System.Void AnimeTakusan.API.Controllers.AuthController/<Login>d__5::MoveNext()
FNDA:0,System.Void AnimeTakusan.API.Controllers.AuthController/<Login>d__5::MoveNext()
DA:50,0
DA:51,0
DA:52,0
DA:53,0
FN:104,System.Void AnimeTakusan.API.Controllers.AuthController/<Logout>d__9::MoveNext()
FNDA:0,System.Void AnimeTakusan.API.Controllers.AuthController/<Logout>d__9::MoveNext()
DA:105,0
DA:106,0
DA:107,0
DA:108,0
FN:57,System.Void AnimeTakusan.API.Controllers.AuthController/<SignUp>d__6::MoveNext()
FNDA:0,System.Void AnimeTakusan.API.Controllers.AuthController/<SignUp>d__6::MoveNext()
DA:58,0
DA:59,0
DA:60,0
DA:61,0
DA:64,0
DA:65,0
DA:66,0
BRDA:59,41,0,0
BRDA:59,41,1,0
FN:30,System.Void AnimeTakusan.API.Controllers.AuthController/<Token>d__3::MoveNext()
FNDA:0,System.Void AnimeTakusan.API.Controllers.AuthController/<Token>d__3::MoveNext()
DA:31,0
DA:32,0
DA:33,0
LF:49
LH:0
BRF:8
BRH:0
FNF:8
FNH:0
end_of_record
SF:c:\Users\gazza\Desktop\anime-takusan\animetakusan\AnimeTakusan\AnimeTakusan.Application\Services\AnimeService.cs
FN:10,System.Void AnimeTakusan.Application.Services.AnimeService::.ctor(AnimeTakusan.Application.Interfaces.IAnimeProvider)
FNDA:0,System.Void AnimeTakusan.Application.Services.AnimeService::.ctor(AnimeTakusan.Application.Interfaces.IAnimeProvider)
DA:11,0
DA:12,0
DA:13,0
DA:14,0
FN:16,System.Void AnimeTakusan.Application.Services.AnimeService/<GetAnimeById>d__2::MoveNext()
FNDA:0,System.Void AnimeTakusan.Application.Services.AnimeService/<GetAnimeById>d__2::MoveNext()
DA:17,0
DA:18,0
DA:19,0
FN:21,System.Void AnimeTakusan.Application.Services.AnimeService/<GetSeasonalAnime>d__3::MoveNext()
FNDA:0,System.Void AnimeTakusan.Application.Services.AnimeService/<GetSeasonalAnime>d__3::MoveNext()
DA:22,0
DA:23,0
DA:24,0
LF:10
LH:0
BRF:0
BRH:0
FNF:3
FNH:0
end_of_record
SF:c:\Users\gazza\Desktop\anime-takusan\animetakusan\AnimeTakusan\AnimeTakusan.Application\Services\AuthService.cs
FN:124,System.Boolean AnimeTakusan.Application.Services.AuthService::HasValidRefreshToken(AnimeTakusan.Domain.Entities.User)
FNDA:0,System.Boolean AnimeTakusan.Application.Services.AuthService::HasValidRefreshToken(AnimeTakusan.Domain.Entities.User)
DA:125,0
DA:126,0
DA:127,0
DA:128,0
DA:129,0
DA:131,0
DA:132,0
BRDA:126,21,0,0
BRDA:126,21,1,0
BRDA:126,41,0,0
BRDA:126,41,1,0
FN:227,System.Void AnimeTakusan.Application.Services.AuthService::ValidateGoogleUserData(System.Security.Claims.ClaimsPrincipal,System.String&)
FNDA:0,System.Void AnimeTakusan.Application.Services.AuthService::ValidateGoogleUserData(System.Security.Claims.ClaimsPrincipal,System.String&)
DA:228,0
DA:229,0
DA:230,0
DA:231,0
DA:234,0
DA:235,0
DA:236,0
DA:237,0
DA:240,0
DA:241,0
BRDA:229,7,0,0
BRDA:229,7,1,0
BRDA:235,39,0,0
BRDA:235,39,1,0
BRDA:235,57,0,0
BRDA:235,57,1,0
FN:23,System.Void AnimeTakusan.Application.Services.AuthService::.ctor(AnimeTakusan.Application.Interfaces.IUserRepository,AnimeTakusan.Application.Interfaces.IJwtHandler,Microsoft.Extensions.Logging.ILogger`1<AnimeTakusan.Application.Services.AuthService>,Microsoft.AspNetCore.Identity.UserManager`1<AnimeTakusan.Domain.Entities.User>,Microsoft.AspNetCore.Identity.RoleManager`1<Microsoft.AspNetCore.Identity.IdentityRole`1<System.Guid>>,FluentValidation.IValidator`1<AnimeTakusan.Application.DTOs.Authentication.Requests.LoginRequest>,FluentValidation.IValidator`1<AnimeTakusan.Application.DTOs.Authentication.Requests.RegisterRequest>)
FNDA:0,System.Void AnimeTakusan.Application.Services.AuthService::.ctor(AnimeTakusan.Application.Interfaces.IUserRepository,AnimeTakusan.Application.Interfaces.IJwtHandler,Microsoft.Extensions.Logging.ILogger`1<AnimeTakusan.Application.Services.AuthService>,Microsoft.AspNetCore.Identity.UserManager`1<AnimeTakusan.Domain.Entities.User>,Microsoft.AspNetCore.Identity.RoleManager`1<Microsoft.AspNetCore.Identity.IdentityRole`1<System.Guid>>,FluentValidation.IValidator`1<AnimeTakusan.Application.DTOs.Authentication.Requests.LoginRequest>,FluentValidation.IValidator`1<AnimeTakusan.Application.DTOs.Authentication.Requests.RegisterRequest>)
DA:24,0
DA:25,0
DA:26,0
DA:27,0
DA:28,0
DA:29,0
DA:30,0
DA:31,0
DA:32,0
DA:33,0
DA:34,0
DA:35,0
DA:36,0
DA:37,0
DA:38,0
DA:39,0
DA:40,0
FN:246,System.Boolean AnimeTakusan.Application.Services.AuthService/<>c::<AddGoogleLogin>b__16_1(Microsoft.AspNetCore.Identity.UserLoginInfo)
FNDA:0,System.Boolean AnimeTakusan.Application.Services.AuthService/<>c::<AddGoogleLogin>b__16_1(Microsoft.AspNetCore.Identity.UserLoginInfo)
DA:247,0
FN:260,System.String AnimeTakusan.Application.Services.AuthService/<>c::<AddGoogleLogin>b__16_0(Microsoft.AspNetCore.Identity.IdentityError)
FNDA:0,System.String AnimeTakusan.Application.Services.AuthService/<>c::<AddGoogleLogin>b__16_0(Microsoft.AspNetCore.Identity.IdentityError)
DA:261,0
FN:243,System.Void AnimeTakusan.Application.Services.AuthService/<AddGoogleLogin>d__16::MoveNext()
FNDA:0,System.Void AnimeTakusan.Application.Services.AuthService/<AddGoogleLogin>d__16::MoveNext()
DA:244,0
DA:246,0
DA:248,0
DA:249,0
DA:252,0
DA:253,0
DA:254,0
DA:256,0
DA:258,0
DA:259,0
DA:260,0
DA:263,0
BRDA:247,209,0,0
BRDA:247,209,1,0
BRDA:252,240,0,0
BRDA:252,240,1,0
BRDA:258,426,0,0
BRDA:258,426,1,0
FN:265,System.Void AnimeTakusan.Application.Services.AuthService/<AddRoleToUser>d__17::MoveNext()
FNDA:0,System.Void AnimeTakusan.Application.Services.AuthService/<AddRoleToUser>d__17::MoveNext()
DA:266,0
DA:267,0
DA:268,0
DA:269,0
DA:270,0
DA:271,0
DA:272,0
DA:274,0
DA:276,0
DA:277,0
DA:278,0
DA:279,0
DA:281,0
BRDA:267,168,0,0
BRDA:270,336,0,0
BRDA:270,336,1,0
BRDA:267,168,1,0
BRDA:277,522,0,0
BRDA:277,522,1,0
FN:196,System.Void AnimeTakusan.Application.Services.AuthService/<AuthenticateWithGoogle>d__14::MoveNext()
FNDA:0,System.Void AnimeTakusan.Application.Services.AuthService/<AuthenticateWithGoogle>d__14::MoveNext()
DA:197,0
DA:198,0
DA:200,0
DA:201,0
DA:202,0
DA:203,0
DA:204,0
DA:205,0
DA:206,0
DA:207,0
DA:208,0
DA:209,0
DA:210,0
DA:211,0
DA:212,0
DA:214,0
DA:215,0
DA:217,0
DA:219,0
DA:220,0
DA:221,0
DA:222,0
DA:223,0
DA:224,0
DA:225,0
BRDA:201,229,0,0
BRDA:203,297,0,0
BRDA:203,297,1,0
BRDA:203,309,0,0
BRDA:203,309,1,0
BRDA:203,341,0,0
BRDA:203,341,1,0
BRDA:203,353,0,0
BRDA:203,353,1,0
BRDA:203,385,0,0
BRDA:203,385,1,0
BRDA:203,397,0,0
BRDA:203,397,1,0
BRDA:201,229,1,0
FN:88,System.Void AnimeTakusan.Application.Services.AuthService/<GetUserInfo>d__9::MoveNext()
FNDA:0,System.Void AnimeTakusan.Application.Services.AuthService/<GetUserInfo>d__9::MoveNext()
DA:89,0
DA:90,0
DA:91,0
DA:92,0
DA:93,0
DA:96,0
DA:97,0
DA:98,0
BRDA:91,50,0,0
BRDA:91,50,1,0
BRDA:97,204,0,0
BRDA:97,204,1,0
FN:106,System.Void AnimeTakusan.Application.Services.AuthService/<Login>d__10::MoveNext()
FNDA:0,System.Void AnimeTakusan.Application.Services.AuthService/<Login>d__10::MoveNext()
DA:107,0
DA:108,0
DA:110,0
DA:111,0
DA:112,0
DA:113,0
DA:116,0
DA:117,0
DA:118,0
DA:119,0
DA:121,0
DA:122,0
BRDA:111,237,0,0
BRDA:111,237,1,0
BRDA:111,396,0,0
BRDA:111,396,1,0
FN:137,System.Void AnimeTakusan.Application.Services.AuthService/<Logout>d__12::MoveNext()
FNDA:0,System.Void AnimeTakusan.Application.Services.AuthService/<Logout>d__12::MoveNext()
DA:138,0
DA:139,0
DA:140,0
DA:141,0
DA:142,0
DA:145,0
DA:146,0
DA:147,0
DA:148,0
DA:151,0
DA:152,0
DA:153,0
DA:154,0
DA:155,0
DA:156,0
BRDA:140,61,0,0
BRDA:140,61,1,0
BRDA:146,218,0,0
BRDA:146,218,1,0
FN:164,System.Void AnimeTakusan.Application.Services.AuthService/<SignUp>d__13::MoveNext()
FNDA:0,System.Void AnimeTakusan.Application.Services.AuthService/<SignUp>d__13::MoveNext()
DA:165,0
DA:166,0
DA:168,0
DA:170,0
DA:171,0
DA:172,0
DA:175,0
DA:176,0
DA:177,0
DA:178,0
DA:179,0
DA:180,0
DA:181,0
DA:183,0
DA:184,0
DA:185,0
DA:188,0
DA:189,0
DA:190,0
BRDA:170,224,0,0
BRDA:170,224,1,0
BRDA:183,498,0,0
BRDA:183,498,1,0
FN:47,System.Void AnimeTakusan.Application.Services.AuthService/<Token>d__8::MoveNext()
FNDA:0,System.Void AnimeTakusan.Application.Services.AuthService/<Token>d__8::MoveNext()
DA:48,0
DA:49,0
DA:51,0
DA:52,0
DA:53,0
DA:54,0
DA:57,0
DA:59,0
DA:60,0
DA:61,0
DA:62,0
DA:65,0
DA:66,0
DA:67,0
DA:68,0
DA:70,0
DA:72,0
DA:73,0
DA:74,0
DA:75,0
DA:76,0
DA:77,0
DA:78,0
DA:79,0
BRDA:51,78,0,0
BRDA:51,78,1,0
BRDA:59,305,0,0
BRDA:59,305,1,0
BRDA:59,334,0,0
BRDA:59,334,1,0
LF:164
LH:0
BRF:58
BRH:0
FNF:13
FNH:0
end_of_record
SF:c:\Users\gazza\Desktop\anime-takusan\animetakusan\AnimeTakusan\AnimeTakusan.Application\Validators\CustomValidator.cs
FN:10,System.Void AnimeTakusan.Application.Validators.CustomValidator`1::RaiseValidationException(FluentValidation.ValidationContext`1<T>,FluentValidation.Results.ValidationResult)
FNDA:0,System.Void AnimeTakusan.Application.Validators.CustomValidator`1::RaiseValidationException(FluentValidation.ValidationContext`1<T>,FluentValidation.Results.ValidationResult)
DA:11,0
DA:12,0
DA:13,0
DA:14,0
DA:16,0
BRDA:12,13,0,0
BRDA:12,13,1,0
LF:5
LH:0
BRF:2
BRH:0
FNF:1
FNH:0
end_of_record
SF:c:\Users\gazza\Desktop\anime-takusan\animetakusan\AnimeTakusan\AnimeTakusan.Application\Validators\Authentication\LoginRequestValidator.cs
FN:7,System.Void AnimeTakusan.Application.Validators.Authentication.LoginRequestValidator::.ctor()
FNDA:0,System.Void AnimeTakusan.Application.Validators.Authentication.LoginRequestValidator::.ctor()
DA:8,0
DA:9,0
DA:10,0
DA:11,0
DA:12,0
DA:14,0
DA:15,0
DA:16,0
DA:17,0
LF:9
LH:0
BRF:0
BRH:0
FNF:1
FNH:0
end_of_record
SF:c:\Users\gazza\Desktop\anime-takusan\animetakusan\AnimeTakusan\AnimeTakusan.Application\Validators\Authentication\RegisterRequestValidator.cs
FN:7,System.Void AnimeTakusan.Application.Validators.Authentication.RegisterRequestValidator::.ctor()
FNDA:0,System.Void AnimeTakusan.Application.Validators.Authentication.RegisterRequestValidator::.ctor()
DA:8,0
DA:9,0
DA:10,0
DA:11,0
DA:12,0
DA:13,0
DA:14,0
DA:16,0
DA:17,0
DA:18,0
DA:20,0
DA:21,0
DA:22,0
DA:24,0
DA:25,0
DA:26,0
DA:27,0
LF:17
LH:0
BRF:0
BRH:0
FNF:1
FNH:0
end_of_record
SF:c:\Users\gazza\Desktop\anime-takusan\animetakusan\AnimeTakusan\AnimeTakusan.Application\DTOs\Common\Responses\ExceptionDetails.cs
FN:6,System.Net.HttpStatusCode AnimeTakusan.Application.DTOs.Common.Responses.ExceptionDetails::get_StatusCode()
FNDA:0,System.Net.HttpStatusCode AnimeTakusan.Application.DTOs.Common.Responses.ExceptionDetails::get_StatusCode()
DA:7,0
FN:7,System.String AnimeTakusan.Application.DTOs.Common.Responses.ExceptionDetails::get_Message()
FNDA:0,System.String AnimeTakusan.Application.DTOs.Common.Responses.ExceptionDetails::get_Message()
DA:8,0
LF:2
LH:0
BRF:0
BRH:0
FNF:2
FNH:0
end_of_record
SF:c:\Users\gazza\Desktop\anime-takusan\animetakusan\AnimeTakusan\AnimeTakusan.Application\DTOs\Authentication\Responses\TokenResponse.cs
FN:4,System.String AnimeTakusan.Application.DTOs.Authentication.Responses.TokenResponse::get_AccessToken()
FNDA:0,System.String AnimeTakusan.Application.DTOs.Authentication.Responses.TokenResponse::get_AccessToken()
DA:5,0
FN:5,System.DateTime AnimeTakusan.Application.DTOs.Authentication.Responses.TokenResponse::get_ExpiresAt()
FNDA:0,System.DateTime AnimeTakusan.Application.DTOs.Authentication.Responses.TokenResponse::get_ExpiresAt()
DA:6,0
LF:2
LH:0
BRF:0
BRH:0
FNF:2
FNH:0
end_of_record
SF:c:\Users\gazza\Desktop\anime-takusan\animetakusan\AnimeTakusan\AnimeTakusan.Application\DTOs\Authentication\Responses\UserInfo.cs
FN:6,System.Guid AnimeTakusan.Application.DTOs.Authentication.Responses.UserInfo::get_Id()
FNDA:0,System.Guid AnimeTakusan.Application.DTOs.Authentication.Responses.UserInfo::get_Id()
DA:7,0
FN:7,System.String AnimeTakusan.Application.DTOs.Authentication.Responses.UserInfo::get_Email()
FNDA:0,System.String AnimeTakusan.Application.DTOs.Authentication.Responses.UserInfo::get_Email()
DA:8,0
FN:8,System.String AnimeTakusan.Application.DTOs.Authentication.Responses.UserInfo::get_UserName()
FNDA:0,System.String AnimeTakusan.Application.DTOs.Authentication.Responses.UserInfo::get_UserName()
DA:9,0
FN:9,System.String AnimeTakusan.Application.DTOs.Authentication.Responses.UserInfo::get_ProfilePicture()
FNDA:0,System.String AnimeTakusan.Application.DTOs.Authentication.Responses.UserInfo::get_ProfilePicture()
DA:10,0
FN:10,System.String AnimeTakusan.Application.DTOs.Authentication.Responses.UserInfo::get_FirstName()
FNDA:0,System.String AnimeTakusan.Application.DTOs.Authentication.Responses.UserInfo::get_FirstName()
DA:11,0
FN:11,System.String AnimeTakusan.Application.DTOs.Authentication.Responses.UserInfo::get_LastName()
FNDA:0,System.String AnimeTakusan.Application.DTOs.Authentication.Responses.UserInfo::get_LastName()
DA:12,0
LF:6
LH:0
BRF:0
BRH:0
FNF:6
FNH:0
end_of_record
SF:c:\Users\gazza\Desktop\anime-takusan\animetakusan\AnimeTakusan\AnimeTakusan.Application\DTOs\Authentication\Requests\LoginRequest.cs
FN:4,System.String AnimeTakusan.Application.DTOs.Authentication.Requests.LoginRequest::get_Email()
FNDA:0,System.String AnimeTakusan.Application.DTOs.Authentication.Requests.LoginRequest::get_Email()
DA:5,0
FN:5,System.String AnimeTakusan.Application.DTOs.Authentication.Requests.LoginRequest::get_Password()
FNDA:0,System.String AnimeTakusan.Application.DTOs.Authentication.Requests.LoginRequest::get_Password()
DA:6,0
LF:2
LH:0
BRF:0
BRH:0
FNF:2
FNH:0
end_of_record
SF:c:\Users\gazza\Desktop\anime-takusan\animetakusan\AnimeTakusan\AnimeTakusan.Application\DTOs\Authentication\Requests\RegisterRequest.cs
FN:4,System.String AnimeTakusan.Application.DTOs.Authentication.Requests.RegisterRequest::get_Username()
FNDA:0,System.String AnimeTakusan.Application.DTOs.Authentication.Requests.RegisterRequest::get_Username()
DA:5,0
FN:5,System.String AnimeTakusan.Application.DTOs.Authentication.Requests.RegisterRequest::get_Email()
FNDA:0,System.String AnimeTakusan.Application.DTOs.Authentication.Requests.RegisterRequest::get_Email()
DA:6,0
FN:6,System.String AnimeTakusan.Application.DTOs.Authentication.Requests.RegisterRequest::get_Password()
FNDA:0,System.String AnimeTakusan.Application.DTOs.Authentication.Requests.RegisterRequest::get_Password()
DA:7,0
FN:7,System.String AnimeTakusan.Application.DTOs.Authentication.Requests.RegisterRequest::get_ConfirmPassword()
FNDA:0,System.String AnimeTakusan.Application.DTOs.Authentication.Requests.RegisterRequest::get_ConfirmPassword()
DA:8,0
LF:4
LH:0
BRF:0
BRH:0
FNF:4
FNH:0
end_of_record
SF:c:\Users\gazza\Desktop\anime-takusan\animetakusan\AnimeTakusan\AnimeTakusan.Application\DTOs\AnimeProvider\Responses\AnimePageResponse.cs
FN:4,AnimeTakusan.Application.DTOs.AnimeProvider.Responses.AnimePageInfo AnimeTakusan.Application.DTOs.AnimeProvider.Responses.AnimePageResponse::get_Page()
FNDA:0,AnimeTakusan.Application.DTOs.AnimeProvider.Responses.AnimePageInfo AnimeTakusan.Application.DTOs.AnimeProvider.Responses.AnimePageResponse::get_Page()
DA:5,0
FN:5,System.Collections.Generic.List`1<AnimeTakusan.Application.DTOs.AnimeProvider.Responses.AnimeResponse> AnimeTakusan.Application.DTOs.AnimeProvider.Responses.AnimePageResponse::get_Data()
FNDA:0,System.Collections.Generic.List`1<AnimeTakusan.Application.DTOs.AnimeProvider.Responses.AnimeResponse> AnimeTakusan.Application.DTOs.AnimeProvider.Responses.AnimePageResponse::get_Data()
DA:6,0
FN:10,System.Int32 AnimeTakusan.Application.DTOs.AnimeProvider.Responses.AnimePageInfo::get_PerPage()
FNDA:0,System.Int32 AnimeTakusan.Application.DTOs.AnimeProvider.Responses.AnimePageInfo::get_PerPage()
DA:11,0
FN:11,System.Int32 AnimeTakusan.Application.DTOs.AnimeProvider.Responses.AnimePageInfo::get_CurrentPage()
FNDA:0,System.Int32 AnimeTakusan.Application.DTOs.AnimeProvider.Responses.AnimePageInfo::get_CurrentPage()
DA:12,0
FN:12,System.Boolean AnimeTakusan.Application.DTOs.AnimeProvider.Responses.AnimePageInfo::get_HasNextPage()
FNDA:0,System.Boolean AnimeTakusan.Application.DTOs.AnimeProvider.Responses.AnimePageInfo::get_HasNextPage()
DA:13,0
LF:5
LH:0
BRF:0
BRH:0
FNF:5
FNH:0
end_of_record
SF:c:\Users\gazza\Desktop\anime-takusan\animetakusan\AnimeTakusan\AnimeTakusan.Application\DTOs\AnimeProvider\Responses\AnimeResponse.cs
FN:4,System.Int32 AnimeTakusan.Application.DTOs.AnimeProvider.Responses.AnimeResponse::get_Id()
FNDA:0,System.Int32 AnimeTakusan.Application.DTOs.AnimeProvider.Responses.AnimeResponse::get_Id()
DA:5,0
FN:5,AnimeTakusan.Application.DTOs.AnimeProvider.Responses.Title AnimeTakusan.Application.DTOs.AnimeProvider.Responses.AnimeResponse::get_Title()
FNDA:0,AnimeTakusan.Application.DTOs.AnimeProvider.Responses.Title AnimeTakusan.Application.DTOs.AnimeProvider.Responses.AnimeResponse::get_Title()
DA:6,0
FN:10,System.String AnimeTakusan.Application.DTOs.AnimeProvider.Responses.Title::get_Romaji()
FNDA:0,System.String AnimeTakusan.Application.DTOs.AnimeProvider.Responses.Title::get_Romaji()
DA:11,0
FN:11,System.String AnimeTakusan.Application.DTOs.AnimeProvider.Responses.Title::get_English()
FNDA:0,System.String AnimeTakusan.Application.DTOs.AnimeProvider.Responses.Title::get_English()
DA:12,0
FN:12,System.String AnimeTakusan.Application.DTOs.AnimeProvider.Responses.Title::get_Native()
FNDA:0,System.String AnimeTakusan.Application.DTOs.AnimeProvider.Responses.Title::get_Native()
DA:13,0
LF:5
LH:0
BRF:0
BRH:0
FNF:5
FNH:0
end_of_record
SF:c:\Users\gazza\Desktop\anime-takusan\animetakusan\AnimeTakusan\AnimeTakusan.Application\DTOs\AnimeProvider\Requests\AnimeSeasonalRequest.cs
FN:4,System.String AnimeTakusan.Application.DTOs.AnimeProvider.Requests.AnimeSeasonalRequest::get_season()
FNDA:0,System.String AnimeTakusan.Application.DTOs.AnimeProvider.Requests.AnimeSeasonalRequest::get_season()
DA:5,0
FN:5,System.Int32 AnimeTakusan.Application.DTOs.AnimeProvider.Requests.AnimeSeasonalRequest::get_seasonYear()
FNDA:0,System.Int32 AnimeTakusan.Application.DTOs.AnimeProvider.Requests.AnimeSeasonalRequest::get_seasonYear()
DA:6,0
FN:6,System.String AnimeTakusan.Application.DTOs.AnimeProvider.Requests.AnimeSeasonalRequest::get_sort()
FNDA:0,System.String AnimeTakusan.Application.DTOs.AnimeProvider.Requests.AnimeSeasonalRequest::get_sort()
DA:7,0
FN:7,System.Int32 AnimeTakusan.Application.DTOs.AnimeProvider.Requests.AnimeSeasonalRequest::get_page()
FNDA:0,System.Int32 AnimeTakusan.Application.DTOs.AnimeProvider.Requests.AnimeSeasonalRequest::get_page()
DA:8,0
FN:8,System.Int32 AnimeTakusan.Application.DTOs.AnimeProvider.Requests.AnimeSeasonalRequest::get_perPage()
FNDA:0,System.Int32 AnimeTakusan.Application.DTOs.AnimeProvider.Requests.AnimeSeasonalRequest::get_perPage()
DA:9,0
LF:5
LH:0
BRF:0
BRH:0
FNF:5
FNH:0
end_of_record
SF:c:\Users\gazza\Desktop\anime-takusan\animetakusan\AnimeTakusan\AnimeTakusan.Domain\Exceptions\AuthenticationExceptions\ExternalLoginException.cs
FN:4,System.Void AnimeTakusan.Domain.Exceptions.ExternalLoginException::.ctor(System.String,System.String)
FNDA:0,System.Void AnimeTakusan.Domain.Exceptions.ExternalLoginException::.ctor(System.String,System.String)
DA:5,0
DA:6,0
DA:8,0
LF:3
LH:0
BRF:0
BRH:0
FNF:1
FNH:0
end_of_record
SF:c:\Users\gazza\Desktop\anime-takusan\animetakusan\AnimeTakusan\AnimeTakusan.Domain\Exceptions\AuthenticationExceptions\LoginFailedException.cs
FN:4,System.Void AnimeTakusan.Domain.Exceptions.LoginFailedException::.ctor()
FNDA:0,System.Void AnimeTakusan.Domain.Exceptions.LoginFailedException::.ctor()
DA:5,0
DA:6,0
DA:8,0
LF:3
LH:0
BRF:0
BRH:0
FNF:1
FNH:0
end_of_record
SF:c:\Users\gazza\Desktop\anime-takusan\animetakusan\AnimeTakusan\AnimeTakusan.Domain\Exceptions\AuthenticationExceptions\RegistrationFailedException.cs
FN:4,System.Void AnimeTakusan.Domain.Exceptions.RegistrationFailedException::.ctor(System.String)
FNDA:0,System.Void AnimeTakusan.Domain.Exceptions.RegistrationFailedException::.ctor(System.String)
DA:5,0
DA:6,0
DA:8,0
LF:3
LH:0
BRF:0
BRH:0
FNF:1
FNH:0
end_of_record
SF:c:\Users\gazza\Desktop\anime-takusan\animetakusan\AnimeTakusan\AnimeTakusan.Domain\Exceptions\AuthenticationExceptions\RoleAssignmentException.cs
FN:6,System.Void AnimeTakusan.Domain.Exceptions.RoleAssignmentException::.ctor(System.String,System.String)
FNDA:0,System.Void AnimeTakusan.Domain.Exceptions.RoleAssignmentException::.ctor(System.String,System.String)
DA:7,0
DA:8,0
DA:10,0
LF:3
LH:0
BRF:0
BRH:0
FNF:1
FNH:0
end_of_record
SF:c:\Users\gazza\Desktop\anime-takusan\animetakusan\AnimeTakusan\AnimeTakusan.Domain\Exceptions\AuthenticationExceptions\RoleCreationException.cs
FN:4,System.Void AnimeTakusan.Domain.Exceptions.RoleCreationException::.ctor(System.String)
FNDA:0,System.Void AnimeTakusan.Domain.Exceptions.RoleCreationException::.ctor(System.String)
DA:5,0
DA:6,0
DA:8,0
LF:3
LH:0
BRF:0
BRH:0
FNF:1
FNH:0
end_of_record
SF:c:\Users\gazza\Desktop\anime-takusan\animetakusan\AnimeTakusan\AnimeTakusan.Domain\Exceptions\AuthenticationExceptions\UserAlreadySignedUpException.cs
FN:4,System.Void AnimeTakusan.Domain.Exceptions.UserAlreadySignedUpException::.ctor(System.String)
FNDA:0,System.Void AnimeTakusan.Domain.Exceptions.UserAlreadySignedUpException::.ctor(System.String)
DA:5,0
DA:6,0
DA:8,0
LF:3
LH:0
BRF:0
BRH:0
FNF:1
FNH:0
end_of_record
SF:c:\Users\gazza\Desktop\anime-takusan\animetakusan\AnimeTakusan\AnimeTakusan.Domain\Exceptions\ValidationException.cs
FN:4,System.Void AnimeTakusan.Domain.Exceptions.AuthenticationExceptions.ValidationException::.ctor(System.String)
FNDA:0,System.Void AnimeTakusan.Domain.Exceptions.AuthenticationExceptions.ValidationException::.ctor(System.String)
DA:5,0
DA:6,0
DA:7,0
LF:3
LH:0
BRF:0
BRH:0
FNF:1
FNH:0
end_of_record
SF:c:\Users\gazza\Desktop\anime-takusan\animetakusan\AnimeTakusan\AnimeTakusan.Domain\Exceptions\GraphQLExceptions\GraphQLMissingRequestException.cs
FN:4,System.Void AnimeTakusan.Domain.Exceptions.GraphQLExceptions.GraphQLMissingRequestException::.ctor(System.String)
FNDA:0,System.Void AnimeTakusan.Domain.Exceptions.GraphQLExceptions.GraphQLMissingRequestException::.ctor(System.String)
DA:5,0
DA:6,0
DA:8,0
LF:3
LH:0
BRF:0
BRH:0
FNF:1
FNH:0
end_of_record
SF:c:\Users\gazza\Desktop\anime-takusan\animetakusan\AnimeTakusan\AnimeTakusan.Domain\Exceptions\GraphQLExceptions\GraphQLQueryFailedException.cs
FN:4,System.Void AnimeTakusan.Domain.Exceptions.GraphQLExceptions.GraphQLQueryFailedException::.ctor(System.String,System.Collections.Generic.List`1<System.String>)
FNDA:0,System.Void AnimeTakusan.Domain.Exceptions.GraphQLExceptions.GraphQLQueryFailedException::.ctor(System.String,System.Collections.Generic.List`1<System.String>)
DA:5,0
DA:6,0
DA:8,0
FN:9,System.Void AnimeTakusan.Domain.Exceptions.GraphQLExceptions.GraphQLQueryFailedException::.ctor(System.String,System.String)
FNDA:0,System.Void AnimeTakusan.Domain.Exceptions.GraphQLExceptions.GraphQLQueryFailedException::.ctor(System.String,System.String)
DA:10,0
DA:11,0
DA:13,0
LF:6
LH:0
BRF:0
BRH:0
FNF:2
FNH:0
end_of_record
SF:c:\Users\gazza\Desktop\anime-takusan\animetakusan\AnimeTakusan\AnimeTakusan.Domain\Entities\User.cs
FN:6,System.String AnimeTakusan.Domain.Entities.User::get_FirstName()
FNDA:0,System.String AnimeTakusan.Domain.Entities.User::get_FirstName()
DA:7,0
FN:7,System.String AnimeTakusan.Domain.Entities.User::get_LastName()
FNDA:0,System.String AnimeTakusan.Domain.Entities.User::get_LastName()
DA:8,0
FN:8,System.String AnimeTakusan.Domain.Entities.User::get_ProfilePicture()
FNDA:0,System.String AnimeTakusan.Domain.Entities.User::get_ProfilePicture()
DA:9,0
FN:9,System.String AnimeTakusan.Domain.Entities.User::get_RefreshToken()
FNDA:0,System.String AnimeTakusan.Domain.Entities.User::get_RefreshToken()
DA:10,0
FN:10,System.Nullable`1<System.DateTime> AnimeTakusan.Domain.Entities.User::get_RefreshTokenExpiryTime()
FNDA:0,System.Nullable`1<System.DateTime> AnimeTakusan.Domain.Entities.User::get_RefreshTokenExpiryTime()
DA:11,0
FN:11,System.DateTime AnimeTakusan.Domain.Entities.User::get_CreatedAt()
FNDA:0,System.DateTime AnimeTakusan.Domain.Entities.User::get_CreatedAt()
DA:12,0
FN:12,System.DateTime AnimeTakusan.Domain.Entities.User::get_UpdatedAt()
FNDA:0,System.DateTime AnimeTakusan.Domain.Entities.User::get_UpdatedAt()
DA:13,0
LF:7
LH:0
BRF:0
BRH:0
FNF:7
FNH:0
end_of_record
SF:c:\Users\gazza\Desktop\anime-takusan\animetakusan\AnimeTakusan\AnimeTakusan.Domain\Entities\Common\Entity.cs
FN:4,System.Int32 AnimeTakusan.Domain.Entities.Common.Entity::get_Id()
FNDA:0,System.Int32 AnimeTakusan.Domain.Entities.Common.Entity::get_Id()
DA:5,0
FN:5,System.DateTime AnimeTakusan.Domain.Entities.Common.Entity::get_CreatedAt()
FNDA:0,System.DateTime AnimeTakusan.Domain.Entities.Common.Entity::get_CreatedAt()
DA:6,0
FN:6,System.DateTime AnimeTakusan.Domain.Entities.Common.Entity::get_UpdatedAt()
FNDA:0,System.DateTime AnimeTakusan.Domain.Entities.Common.Entity::get_UpdatedAt()
DA:7,0
LF:3
LH:0
BRF:0
BRH:0
FNF:3
FNH:0
end_of_record
SF:c:\Users\gazza\Desktop\anime-takusan\animetakusan\AnimeTakusan\AnimeTakusan.Infrastructure\DataPersistence\Contexts\BaseContext.cs
FN:11,Microsoft.EntityFrameworkCore.DbSet`1<AnimeTakusan.Domain.Entities.User> AnimeTakusan.Infrastructure.Contexts.BaseContext::get_Users()
FNDA:0,Microsoft.EntityFrameworkCore.DbSet`1<AnimeTakusan.Domain.Entities.User> AnimeTakusan.Infrastructure.Contexts.BaseContext::get_Users()
DA:12,0
FN:14,System.Void AnimeTakusan.Infrastructure.Contexts.BaseContext::OnModelCreating(Microsoft.EntityFrameworkCore.ModelBuilder)
FNDA:0,System.Void AnimeTakusan.Infrastructure.Contexts.BaseContext::OnModelCreating(Microsoft.EntityFrameworkCore.ModelBuilder)
DA:15,0
DA:16,0
DA:18,0
DA:19,0
FN:9,System.Void AnimeTakusan.Infrastructure.Contexts.BaseContext::.ctor(Microsoft.EntityFrameworkCore.DbContextOptions`1<AnimeTakusan.Infrastructure.Contexts.BaseContext>)
FNDA:0,System.Void AnimeTakusan.Infrastructure.Contexts.BaseContext::.ctor(Microsoft.EntityFrameworkCore.DbContextOptions`1<AnimeTakusan.Infrastructure.Contexts.BaseContext>)
DA:10,0
LF:6
LH:0
BRF:0
BRH:0
FNF:3
FNH:0
end_of_record
SF:c:\Users\gazza\Desktop\anime-takusan\animetakusan\AnimeTakusan\AnimeTakusan.Infrastructure\DataPersistence\BaseService.cs
FN:13,System.Void AnimeTakusan.Infrastructure.DataPersistence.BaseService`2::.ctor(AnimeTakusan.Infrastructure.Contexts.BaseContext)
FNDA:0,System.Void AnimeTakusan.Infrastructure.DataPersistence.BaseService`2::.ctor(AnimeTakusan.Infrastructure.Contexts.BaseContext)
DA:14,0
DA:15,0
DA:16,0
DA:17,0
DA:18,0
FN:32,System.Void AnimeTakusan.Infrastructure.DataPersistence.BaseService`2/<CreateAsync>d__5::MoveNext()
FNDA:0,System.Void AnimeTakusan.Infrastructure.DataPersistence.BaseService`2/<CreateAsync>d__5::MoveNext()
DA:33,0
DA:34,0
DA:35,0
DA:36,0
DA:37,0
DA:38,0
FN:48,System.Void AnimeTakusan.Infrastructure.DataPersistence.BaseService`2/<DeleteAsync>d__7::MoveNext()
FNDA:0,System.Void AnimeTakusan.Infrastructure.DataPersistence.BaseService`2/<DeleteAsync>d__7::MoveNext()
DA:49,0
DA:50,0
DA:51,0
FN:26,System.Void AnimeTakusan.Infrastructure.DataPersistence.BaseService`2/<GetAllAsync>d__4::MoveNext()
FNDA:0,System.Void AnimeTakusan.Infrastructure.DataPersistence.BaseService`2/<GetAllAsync>d__4::MoveNext()
DA:27,0
DA:28,0
DA:29,0
DA:30,0
FN:20,System.Void AnimeTakusan.Infrastructure.DataPersistence.BaseService`2/<GetByIdAsync>d__3::MoveNext()
FNDA:0,System.Void AnimeTakusan.Infrastructure.DataPersistence.BaseService`2/<GetByIdAsync>d__3::MoveNext()
DA:21,0
DA:22,0
DA:23,0
DA:24,0
FN:40,System.Void AnimeTakusan.Infrastructure.DataPersistence.BaseService`2/<UpdateAsync>d__6::MoveNext()
FNDA:0,System.Void AnimeTakusan.Infrastructure.DataPersistence.BaseService`2/<UpdateAsync>d__6::MoveNext()
DA:41,0
DA:42,0
DA:43,0
DA:44,0
DA:45,0
DA:46,0
LF:28
LH:0
BRF:0
BRH:0
FNF:6
FNH:0
end_of_record
SF:c:\Users\gazza\Desktop\anime-takusan\animetakusan\AnimeTakusan\AnimeTakusan.Infrastructure\DataPersistence\Migrations\20251110141523_InitialCreate.cs
FN:12,System.Void AnimeTakusan.Infrastructure.DataPersistence.Migrations.InitialCreate::Up(Microsoft.EntityFrameworkCore.Migrations.MigrationBuilder)
FNDA:0,System.Void AnimeTakusan.Infrastructure.DataPersistence.Migrations.InitialCreate::Up(Microsoft.EntityFrameworkCore.Migrations.MigrationBuilder)
DA:13,0
DA:14,0
DA:15,0
DA:16,0
DA:17,0
DA:18,0
DA:19,0
DA:20,0
DA:21,0
DA:22,0
DA:23,0
DA:24,0
DA:25,0
DA:26,0
DA:27,0
DA:28,0
DA:29,0
FN:32,System.Void AnimeTakusan.Infrastructure.DataPersistence.Migrations.InitialCreate::Down(Microsoft.EntityFrameworkCore.Migrations.MigrationBuilder)
FNDA:0,System.Void AnimeTakusan.Infrastructure.DataPersistence.Migrations.InitialCreate::Down(Microsoft.EntityFrameworkCore.Migrations.MigrationBuilder)
DA:33,0
DA:34,0
DA:35,0
DA:36,0
LF:21
LH:0
BRF:0
BRH:0
FNF:2
FNH:0
end_of_record
SF:c:\Users\gazza\Desktop\anime-takusan\animetakusan\AnimeTakusan\AnimeTakusan.Infrastructure\DataPersistence\Migrations\20251110141523_InitialCreate.Designer.cs
FN:19,System.Void AnimeTakusan.Infrastructure.DataPersistence.Migrations.InitialCreate::BuildTargetModel(Microsoft.EntityFrameworkCore.ModelBuilder)
FNDA:0,System.Void AnimeTakusan.Infrastructure.DataPersistence.Migrations.InitialCreate::BuildTargetModel(Microsoft.EntityFrameworkCore.ModelBuilder)
DA:20,0
DA:22,0
DA:23,0
DA:24,0
DA:26,0
DA:28,0
DA:29,0
DA:30,0
DA:31,0
DA:32,0
DA:33,0
DA:34,0
DA:35,0
DA:36,0
DA:37,0
DA:38,0
DA:39,0
DA:40,0
DA:41,0
DA:42,0
DA:43,0
DA:44,0
DA:45,0
DA:46,0
DA:47,0
DA:48,0
DA:49,0
DA:50,0
DA:51,0
DA:52,0
DA:53,0
DA:54,0
DA:55,0
DA:56,0
DA:57,0
DA:58,0
DA:59,0
DA:60,0
DA:61,0
DA:62,0
DA:64,0
LF:41
LH:0
BRF:0
BRH:0
FNF:1
FNH:0
end_of_record
SF:c:\Users\gazza\Desktop\anime-takusan\animetakusan\AnimeTakusan\AnimeTakusan.Infrastructure\DataPersistence\Migrations\20251125104641_User_CreatedAt_UpdatedAt.cs
FN:12,System.Void AnimeTakusan.Infrastructure.DataPersistence.Migrations.User_CreatedAt_UpdatedAt::Up(Microsoft.EntityFrameworkCore.Migrations.MigrationBuilder)
FNDA:0,System.Void AnimeTakusan.Infrastructure.DataPersistence.Migrations.User_CreatedAt_UpdatedAt::Up(Microsoft.EntityFrameworkCore.Migrations.MigrationBuilder)
DA:13,0
DA:14,0
DA:15,0
DA:16,0
DA:17,0
DA:18,0
DA:19,0
DA:20,0
DA:21,0
DA:22,0
DA:24,0
DA:25,0
DA:26,0
DA:27,0
DA:28,0
DA:29,0
DA:31,0
DA:32,0
DA:33,0
DA:34,0
DA:35,0
DA:36,0
DA:37,0
FN:40,System.Void AnimeTakusan.Infrastructure.DataPersistence.Migrations.User_CreatedAt_UpdatedAt::Down(Microsoft.EntityFrameworkCore.Migrations.MigrationBuilder)
FNDA:0,System.Void AnimeTakusan.Infrastructure.DataPersistence.Migrations.User_CreatedAt_UpdatedAt::Down(Microsoft.EntityFrameworkCore.Migrations.MigrationBuilder)
DA:41,0
DA:42,0
DA:43,0
DA:44,0
DA:46,0
DA:47,0
DA:48,0
DA:50,0
DA:51,0
DA:52,0
DA:53,0
DA:54,0
DA:55,0
DA:56,0
DA:57,0
DA:58,0
DA:59,0
DA:60,0
DA:61,0
LF:42
LH:0
BRF:0
BRH:0
FNF:2
FNH:0
end_of_record
SF:c:\Users\gazza\Desktop\anime-takusan\animetakusan\AnimeTakusan\AnimeTakusan.Infrastructure\DataPersistence\Migrations\20251125104641_User_CreatedAt_UpdatedAt.Designer.cs
FN:19,System.Void AnimeTakusan.Infrastructure.DataPersistence.Migrations.User_CreatedAt_UpdatedAt::BuildTargetModel(Microsoft.EntityFrameworkCore.ModelBuilder)
FNDA:0,System.Void AnimeTakusan.Infrastructure.DataPersistence.Migrations.User_CreatedAt_UpdatedAt::BuildTargetModel(Microsoft.EntityFrameworkCore.ModelBuilder)
DA:20,0
DA:22,0
DA:23,0
DA:24,0
DA:26,0
DA:28,0
DA:29,0
DA:30,0
DA:31,0
DA:32,0
DA:33,0
DA:34,0
DA:35,0
DA:36,0
DA:37,0
DA:38,0
DA:39,0
DA:40,0
DA:41,0
DA:42,0
DA:43,0
DA:44,0
DA:45,0
DA:46,0
DA:47,0
DA:48,0
DA:49,0
DA:50,0
DA:51,0
DA:52,0
DA:53,0
DA:54,0
DA:55,0
DA:56,0
DA:57,0
DA:58,0
DA:59,0
DA:60,0
DA:61,0
DA:62,0
DA:63,0
DA:64,0
DA:65,0
DA:66,0
DA:67,0
DA:69,0
LF:46
LH:0
BRF:0
BRH:0
FNF:1
FNH:0
end_of_record
SF:c:\Users\gazza\Desktop\anime-takusan\animetakusan\AnimeTakusan\AnimeTakusan.Infrastructure\DataPersistence\Migrations\20251125111239_User_CreatedAt_UpdatedAt_Required.cs
FN:11,System.Void AnimeTakusan.Infrastructure.DataPersistence.Migrations.User_CreatedAt_UpdatedAt_Required::Up(Microsoft.EntityFrameworkCore.Migrations.MigrationBuilder)
FNDA:0,System.Void AnimeTakusan.Infrastructure.DataPersistence.Migrations.User_CreatedAt_UpdatedAt_Required::Up(Microsoft.EntityFrameworkCore.Migrations.MigrationBuilder)
DA:12,0
DA:13,0
DA:14,0
DA:15,0
DA:16,0
DA:17,0
DA:18,0
DA:19,0
DA:20,0
DA:21,0
DA:23,0
DA:24,0
DA:25,0
DA:26,0
DA:27,0
DA:28,0
DA:29,0
DA:30,0
DA:31,0
DA:32,0
FN:35,System.Void AnimeTakusan.Infrastructure.DataPersistence.Migrations.User_CreatedAt_UpdatedAt_Required::Down(Microsoft.EntityFrameworkCore.Migrations.MigrationBuilder)
FNDA:0,System.Void AnimeTakusan.Infrastructure.DataPersistence.Migrations.User_CreatedAt_UpdatedAt_Required::Down(Microsoft.EntityFrameworkCore.Migrations.MigrationBuilder)
DA:36,0
DA:37,0
DA:38,0
DA:39,0
DA:40,0
DA:41,0
DA:42,0
DA:43,0
DA:44,0
DA:45,0
DA:46,0
DA:47,0
DA:49,0
DA:50,0
DA:51,0
DA:52,0
DA:53,0
DA:54,0
DA:55,0
DA:56,0
DA:57,0
DA:58,0
DA:59,0
DA:60,0
LF:44
LH:0
BRF:0
BRH:0
FNF:2
FNH:0
end_of_record
SF:c:\Users\gazza\Desktop\anime-takusan\animetakusan\AnimeTakusan\AnimeTakusan.Infrastructure\DataPersistence\Migrations\20251125111239_User_CreatedAt_UpdatedAt_Required.Designer.cs
FN:19,System.Void AnimeTakusan.Infrastructure.DataPersistence.Migrations.User_CreatedAt_UpdatedAt_Required::BuildTargetModel(Microsoft.EntityFrameworkCore.ModelBuilder)
FNDA:0,System.Void AnimeTakusan.Infrastructure.DataPersistence.Migrations.User_CreatedAt_UpdatedAt_Required::BuildTargetModel(Microsoft.EntityFrameworkCore.ModelBuilder)
DA:20,0
DA:22,0
DA:23,0
DA:24,0
DA:26,0
DA:28,0
DA:29,0
DA:30,0
DA:31,0
DA:32,0
DA:33,0
DA:34,0
DA:35,0
DA:36,0
DA:37,0
DA:38,0
DA:39,0
DA:40,0
DA:41,0
DA:42,0
DA:43,0
DA:44,0
DA:45,0
DA:46,0
DA:47,0
DA:48,0
DA:49,0
DA:50,0
DA:51,0
DA:52,0
DA:53,0
DA:54,0
DA:55,0
DA:56,0
DA:57,0
DA:58,0
DA:59,0
DA:60,0
DA:61,0
DA:62,0
DA:63,0
DA:64,0
DA:65,0
DA:67,0
LF:44
LH:0
BRF:0
BRH:0
FNF:1
FNH:0
end_of_record
SF:c:\Users\gazza\Desktop\anime-takusan\animetakusan\AnimeTakusan\AnimeTakusan.Infrastructure\DataPersistence\Migrations\20251203090412_Identity.cs
FN:13,System.Void AnimeTakusan.Infrastructure.DataPersistence.Migrations.Identity::Up(Microsoft.EntityFrameworkCore.Migrations.MigrationBuilder)
FNDA:0,System.Void AnimeTakusan.Infrastructure.DataPersistence.Migrations.Identity::Up(Microsoft.EntityFrameworkCore.Migrations.MigrationBuilder)
DA:14,0
DA:15,0
DA:16,0
DA:17,0
DA:18,0
DA:19,0
DA:20,0
DA:22,0
DA:23,0
DA:24,0
DA:25,0
DA:26,0
DA:28,0
DA:29,0
DA:30,0
DA:31,0
DA:32,0
DA:33,0
DA:35,0
DA:36,0
DA:37,0
DA:38,0
DA:39,0
DA:40,0
DA:42,0
DA:43,0
DA:44,0
DA:45,0
DA:46,0
DA:48,0
DA:49,0
DA:50,0
DA:51,0
DA:52,0
DA:53,0
DA:55,0
DA:56,0
DA:57,0
DA:58,0
DA:59,0
DA:60,0
DA:62,0
DA:63,0
DA:64,0
DA:65,0
DA:66,0
DA:68,0
DA:69,0
DA:70,0
DA:71,0
DA:72,0
DA:74,0
DA:75,0
DA:76,0
DA:77,0
DA:78,0
DA:79,0
DA:81,0
DA:82,0
DA:83,0
DA:84,0
DA:85,0
DA:87,0
DA:88,0
DA:89,0
DA:90,0
DA:91,0
DA:92,0
DA:94,0
DA:95,0
DA:96,0
DA:97,0
DA:98,0
DA:99,0
DA:101,0
DA:102,0
DA:103,0
DA:104,0
DA:105,0
DA:106,0
DA:107,0
DA:108,0
DA:109,0
DA:110,0
DA:111,0
DA:112,0
DA:113,0
DA:115,0
DA:116,0
DA:117,0
DA:118,0
DA:119,0
DA:120,0
DA:121,0
DA:122,0
DA:123,0
DA:124,0
DA:125,0
DA:126,0
DA:127,0
DA:128,0
DA:129,0
DA:130,0
DA:131,0
DA:132,0
DA:133,0
DA:134,0
DA:136,0
DA:137,0
DA:138,0
DA:139,0
DA:140,0
DA:141,0
DA:142,0
DA:143,0
DA:144,0
DA:145,0
DA:146,0
DA:147,0
DA:148,0
DA:149,0
DA:150,0
DA:151,0
DA:152,0
DA:153,0
DA:154,0
DA:156,0
DA:157,0
DA:158,0
DA:159,0
DA:160,0
DA:161,0
DA:162,0
DA:163,0
DA:164,0
DA:165,0
DA:166,0
DA:167,0
DA:168,0
DA:169,0
DA:170,0
DA:171,0
DA:172,0
DA:173,0
DA:174,0
DA:176,0
DA:177,0
DA:178,0
DA:179,0
DA:180,0
DA:181,0
DA:182,0
DA:183,0
DA:184,0
DA:185,0
DA:186,0
DA:187,0
DA:188,0
DA:189,0
DA:190,0
DA:191,0
DA:192,0
DA:193,0
DA:194,0
DA:195,0
DA:197,0
DA:198,0
DA:199,0
DA:200,0
DA:201,0
DA:202,0
DA:203,0
DA:204,0
DA:205,0
DA:206,0
DA:207,0
DA:208,0
DA:209,0
DA:210,0
DA:211,0
DA:212,0
DA:213,0
DA:214,0
DA:215,0
DA:216,0
DA:217,0
DA:218,0
DA:219,0
DA:221,0
DA:222,0
DA:223,0
DA:224,0
DA:226,0
DA:227,0
DA:228,0
DA:229,0
DA:230,0
DA:232,0
DA:233,0
DA:234,0
DA:235,0
DA:237,0
DA:238,0
DA:239,0
DA:240,0
DA:241,0
DA:243,0
DA:244,0
DA:245,0
DA:246,0
DA:248,0
DA:249,0
DA:250,0
DA:251,0
DA:253,0
DA:254,0
DA:255,0
DA:256,0
DA:257,0
FN:260,System.Void AnimeTakusan.Infrastructure.DataPersistence.Migrations.Identity::Down(Microsoft.EntityFrameworkCore.Migrations.MigrationBuilder)
FNDA:0,System.Void AnimeTakusan.Infrastructure.DataPersistence.Migrations.Identity::Down(Microsoft.EntityFrameworkCore.Migrations.MigrationBuilder)
DA:261,0
DA:262,0
DA:263,0
DA:265,0
DA:266,0
DA:268,0
DA:269,0
DA:271,0
DA:272,0
DA:274,0
DA:275,0
DA:277,0
DA:278,0
DA:280,0
DA:281,0
DA:282,0
DA:284,0
DA:285,0
DA:286,0
DA:288,0
DA:289,0
DA:290,0
DA:292,0
DA:293,0
DA:294,0
DA:296,0
DA:297,0
DA:298,0
DA:300,0
DA:301,0
DA:302,0
DA:304,0
DA:305,0
DA:306,0
DA:308,0
DA:309,0
DA:310,0
DA:312,0
DA:313,0
DA:314,0
DA:316,0
DA:317,0
DA:318,0
DA:320,0
DA:321,0
DA:322,0
DA:324,0
DA:325,0
DA:326,0
DA:328,0
DA:329,0
DA:330,0
DA:332,0
DA:333,0
DA:334,0
DA:336,0
DA:337,0
DA:338,0
DA:339,0
LF:278
LH:0
BRF:0
BRH:0
FNF:2
FNH:0
end_of_record
SF:c:\Users\gazza\Desktop\anime-takusan\animetakusan\AnimeTakusan\AnimeTakusan.Infrastructure\DataPersistence\Migrations\20251203090412_Identity.Designer.cs
FN:19,System.Void AnimeTakusan.Infrastructure.DataPersistence.Migrations.Identity::BuildTargetModel(Microsoft.EntityFrameworkCore.ModelBuilder)
FNDA:0,System.Void AnimeTakusan.Infrastructure.DataPersistence.Migrations.Identity::BuildTargetModel(Microsoft.EntityFrameworkCore.ModelBuilder)
DA:20,0
DA:22,0
DA:23,0
DA:24,0
DA:26,0
DA:28,0
DA:29,0
DA:30,0
DA:31,0
DA:32,0
DA:33,0
DA:34,0
DA:35,0
DA:36,0
DA:37,0
DA:38,0
DA:39,0
DA:40,0
DA:41,0
DA:42,0
DA:43,0
DA:44,0
DA:45,0
DA:46,0
DA:47,0
DA:48,0
DA:49,0
DA:50,0
DA:51,0
DA:52,0
DA:53,0
DA:54,0
DA:55,0
DA:56,0
DA:57,0
DA:58,0
DA:59,0
DA:60,0
DA:61,0
DA:62,0
DA:63,0
DA:64,0
DA:65,0
DA:66,0
DA:67,0
DA:68,0
DA:69,0
DA:70,0
DA:71,0
DA:72,0
DA:73,0
DA:74,0
DA:75,0
DA:76,0
DA:77,0
DA:78,0
DA:79,0
DA:80,0
DA:81,0
DA:82,0
DA:83,0
DA:84,0
DA:85,0
DA:86,0
DA:87,0
DA:88,0
DA:89,0
DA:90,0
DA:91,0
DA:92,0
DA:93,0
DA:94,0
DA:95,0
DA:96,0
DA:97,0
DA:98,0
DA:99,0
DA:100,0
DA:101,0
DA:102,0
DA:103,0
DA:104,0
DA:105,0
DA:106,0
DA:107,0
DA:108,0
DA:109,0
DA:110,0
DA:111,0
DA:112,0
DA:113,0
DA:114,0
DA:115,0
DA:117,0
DA:118,0
DA:119,0
DA:120,0
DA:121,0
DA:122,0
DA:123,0
DA:124,0
DA:125,0
DA:126,0
DA:127,0
DA:128,0
DA:129,0
DA:130,0
DA:131,0
DA:132,0
DA:133,0
DA:134,0
DA:135,0
DA:136,0
DA:137,0
DA:138,0
DA:139,0
DA:140,0
DA:141,0
DA:142,0
DA:144,0
DA:145,0
DA:146,0
DA:147,0
DA:148,0
DA:149,0
DA:150,0
DA:151,0
DA:152,0
DA:153,0
DA:154,0
DA:155,0
DA:156,0
DA:157,0
DA:158,0
DA:159,0
DA:160,0
DA:161,0
DA:162,0
DA:163,0
DA:164,0
DA:165,0
DA:166,0
DA:168,0
DA:169,0
DA:170,0
DA:171,0
DA:172,0
DA:173,0
DA:174,0
DA:175,0
DA:176,0
DA:177,0
DA:178,0
DA:179,0
DA:180,0
DA:181,0
DA:182,0
DA:183,0
DA:184,0
DA:185,0
DA:186,0
DA:187,0
DA:188,0
DA:189,0
DA:190,0
DA:192,0
DA:193,0
DA:194,0
DA:195,0
DA:196,0
DA:197,0
DA:198,0
DA:199,0
DA:200,0
DA:201,0
DA:202,0
DA:203,0
DA:204,0
DA:205,0
DA:206,0
DA:207,0
DA:208,0
DA:209,0
DA:210,0
DA:211,0
DA:213,0
DA:214,0
DA:215,0
DA:216,0
DA:217,0
DA:218,0
DA:219,0
DA:220,0
DA:221,0
DA:222,0
DA:223,0
DA:224,0
DA:225,0
DA:226,0
DA:228,0
DA:229,0
DA:230,0
DA:231,0
DA:232,0
DA:233,0
DA:234,0
DA:235,0
DA:236,0
DA:237,0
DA:238,0
DA:239,0
DA:240,0
DA:241,0
DA:242,0
DA:243,0
DA:244,0
DA:245,0
DA:247,0
DA:248,0
DA:249,0
DA:250,0
DA:251,0
DA:252,0
DA:253,0
DA:254,0
DA:256,0
DA:257,0
DA:258,0
DA:259,0
DA:260,0
DA:261,0
DA:262,0
DA:263,0
DA:265,0
DA:266,0
DA:267,0
DA:268,0
DA:269,0
DA:270,0
DA:271,0
DA:272,0
DA:274,0
DA:275,0
DA:276,0
DA:277,0
DA:278,0
DA:279,0
DA:280,0
DA:281,0
DA:282,0
DA:283,0
DA:284,0
DA:285,0
DA:286,0
DA:287,0
DA:289,0
DA:290,0
DA:291,0
DA:292,0
DA:293,0
DA:294,0
DA:295,0
DA:296,0
DA:298,0
LF:264
LH:0
BRF:0
BRH:0
FNF:1
FNH:0
end_of_record
SF:c:\Users\gazza\Desktop\anime-takusan\animetakusan\AnimeTakusan\AnimeTakusan.Infrastructure\DataPersistence\Migrations\20251203110828_User_Added_RefreshToken.cs
FN:12,System.Void AnimeTakusan.Infrastructure.DataPersistence.Migrations.User_Added_RefreshToken::Up(Microsoft.EntityFrameworkCore.Migrations.MigrationBuilder)
FNDA:0,System.Void AnimeTakusan.Infrastructure.DataPersistence.Migrations.User_Added_RefreshToken::Up(Microsoft.EntityFrameworkCore.Migrations.MigrationBuilder)
DA:13,0
DA:14,0
DA:15,0
DA:16,0
DA:17,0
DA:18,0
DA:19,0
DA:21,0
DA:22,0
DA:23,0
DA:24,0
DA:25,0
DA:26,0
DA:27,0
FN:30,System.Void AnimeTakusan.Infrastructure.DataPersistence.Migrations.User_Added_RefreshToken::Down(Microsoft.EntityFrameworkCore.Migrations.MigrationBuilder)
FNDA:0,System.Void AnimeTakusan.Infrastructure.DataPersistence.Migrations.User_Added_RefreshToken::Down(Microsoft.EntityFrameworkCore.Migrations.MigrationBuilder)
DA:31,0
DA:32,0
DA:33,0
DA:34,0
DA:36,0
DA:37,0
DA:38,0
DA:39,0
LF:22
LH:0
BRF:0
BRH:0
FNF:2
FNH:0
end_of_record
SF:c:\Users\gazza\Desktop\anime-takusan\animetakusan\AnimeTakusan\AnimeTakusan.Infrastructure\DataPersistence\Migrations\20251203110828_User_Added_RefreshToken.Designer.cs
FN:19,System.Void AnimeTakusan.Infrastructure.DataPersistence.Migrations.User_Added_RefreshToken::BuildTargetModel(Microsoft.EntityFrameworkCore.ModelBuilder)
FNDA:0,System.Void AnimeTakusan.Infrastructure.DataPersistence.Migrations.User_Added_RefreshToken::BuildTargetModel(Microsoft.EntityFrameworkCore.ModelBuilder)
DA:20,0
DA:22,0
DA:23,0
DA:24,0
DA:26,0
DA:28,0
DA:29,0
DA:30,0
DA:31,0
DA:32,0
DA:33,0
DA:34,0
DA:35,0
DA:36,0
DA:37,0
DA:38,0
DA:39,0
DA:40,0
DA:41,0
DA:42,0
DA:43,0
DA:44,0
DA:45,0
DA:46,0
DA:47,0
DA:48,0
DA:49,0
DA:50,0
DA:51,0
DA:52,0
DA:53,0
DA:54,0
DA:55,0
DA:56,0
DA:57,0
DA:58,0
DA:59,0
DA:60,0
DA:61,0
DA:62,0
DA:63,0
DA:64,0
DA:65,0
DA:66,0
DA:67,0
DA:68,0
DA:69,0
DA:70,0
DA:71,0
DA:72,0
DA:73,0
DA:74,0
DA:75,0
DA:76,0
DA:77,0
DA:78,0
DA:79,0
DA:80,0
DA:81,0
DA:82,0
DA:83,0
DA:84,0
DA:85,0
DA:86,0
DA:87,0
DA:88,0
DA:89,0
DA:90,0
DA:91,0
DA:92,0
DA:93,0
DA:94,0
DA:95,0
DA:96,0
DA:97,0
DA:98,0
DA:99,0
DA:100,0
DA:101,0
DA:102,0
DA:103,0
DA:104,0
DA:105,0
DA:106,0
DA:107,0
DA:108,0
DA:109,0
DA:110,0
DA:111,0
DA:112,0
DA:113,0
DA:114,0
DA:115,0
DA:116,0
DA:117,0
DA:118,0
DA:119,0
DA:120,0
DA:121,0
DA:122,0
DA:124,0
DA:125,0
DA:126,0
DA:127,0
DA:128,0
DA:129,0
DA:130,0
DA:131,0
DA:132,0
DA:133,0
DA:134,0
DA:135,0
DA:136,0
DA:137,0
DA:138,0
DA:139,0
DA:140,0
DA:141,0
DA:142,0
DA:143,0
DA:144,0
DA:145,0
DA:146,0
DA:147,0
DA:148,0
DA:149,0
DA:151,0
DA:152,0
DA:153,0
DA:154,0
DA:155,0
DA:156,0
DA:157,0
DA:158,0
DA:159,0
DA:160,0
DA:161,0
DA:162,0
DA:163,0
DA:164,0
DA:165,0
DA:166,0
DA:167,0
DA:168,0
DA:169,0
DA:170,0
DA:171,0
DA:172,0
DA:173,0
DA:175,0
DA:176,0
DA:177,0
DA:178,0
DA:179,0
DA:180,0
DA:181,0
DA:182,0
DA:183,0
DA:184,0
DA:185,0
DA:186,0
DA:187,0
DA:188,0
DA:189,0
DA:190,0
DA:191,0
DA:192,0
DA:193,0
DA:194,0
DA:195,0
DA:196,0
DA:197,0
DA:199,0
DA:200,0
DA:201,0
DA:202,0
DA:203,0
DA:204,0
DA:205,0
DA:206,0
DA:207,0
DA:208,0
DA:209,0
DA:210,0
DA:211,0
DA:212,0
DA:213,0
DA:214,0
DA:215,0
DA:216,0
DA:217,0
DA:218,0
DA:220,0
DA:221,0
DA:222,0
DA:223,0
DA:224,0
DA:225,0
DA:226,0
DA:227,0
DA:228,0
DA:229,0
DA:230,0
DA:231,0
DA:232,0
DA:233,0
DA:235,0
DA:236,0
DA:237,0
DA:238,0
DA:239,0
DA:240,0
DA:241,0
DA:242,0
DA:243,0
DA:244,0
DA:245,0
DA:246,0
DA:247,0
DA:248,0
DA:249,0
DA:250,0
DA:251,0
DA:252,0
DA:254,0
DA:255,0
DA:256,0
DA:257,0
DA:258,0
DA:259,0
DA:260,0
DA:261,0
DA:263,0
DA:264,0
DA:265,0
DA:266,0
DA:267,0
DA:268,0
DA:269,0
DA:270,0
DA:272,0
DA:273,0
DA:274,0
DA:275,0
DA:276,0
DA:277,0
DA:278,0
DA:279,0
DA:281,0
DA:282,0
DA:283,0
DA:284,0
DA:285,0
DA:286,0
DA:287,0
DA:288,0
DA:289,0
DA:290,0
DA:291,0
DA:292,0
DA:293,0
DA:294,0
DA:296,0
DA:297,0
DA:298,0
DA:299,0
DA:300,0
DA:301,0
DA:302,0
DA:303,0
DA:305,0
LF:271
LH:0
BRF:0
BRH:0
FNF:1
FNH:0
end_of_record
SF:c:\Users\gazza\Desktop\anime-takusan\animetakusan\AnimeTakusan\AnimeTakusan.Infrastructure\DataPersistence\Migrations\20251205102415_User_RemovedOveriddenUsername.cs
FN:11,System.Void AnimeTakusan.Infrastructure.DataPersistence.Migrations.User_RemovedOveriddenUsername::Up(Microsoft.EntityFrameworkCore.Migrations.MigrationBuilder)
FNDA:0,System.Void AnimeTakusan.Infrastructure.DataPersistence.Migrations.User_RemovedOveriddenUsername::Up(Microsoft.EntityFrameworkCore.Migrations.MigrationBuilder)
DA:12,0
DA:13,0
DA:14,0
DA:15,0
DA:17,0
DA:18,0
DA:19,0
DA:20,0
DA:21,0
FN:24,System.Void AnimeTakusan.Infrastructure.DataPersistence.Migrations.User_RemovedOveriddenUsername::Down(Microsoft.EntityFrameworkCore.Migrations.MigrationBuilder)
FNDA:0,System.Void AnimeTakusan.Infrastructure.DataPersistence.Migrations.User_RemovedOveriddenUsername::Down(Microsoft.EntityFrameworkCore.Migrations.MigrationBuilder)
DA:25,0
DA:26,0
DA:27,0
DA:28,0
DA:29,0
DA:31,0
DA:32,0
DA:33,0
DA:34,0
DA:35,0
DA:36,0
DA:37,0
LF:21
LH:0
BRF:0
BRH:0
FNF:2
FNH:0
end_of_record
SF:c:\Users\gazza\Desktop\anime-takusan\animetakusan\AnimeTakusan\AnimeTakusan.Infrastructure\DataPersistence\Migrations\20251205102415_User_RemovedOveriddenUsername.Designer.cs
FN:19,System.Void AnimeTakusan.Infrastructure.DataPersistence.Migrations.User_RemovedOveriddenUsername::BuildTargetModel(Microsoft.EntityFrameworkCore.ModelBuilder)
FNDA:0,System.Void AnimeTakusan.Infrastructure.DataPersistence.Migrations.User_RemovedOveriddenUsername::BuildTargetModel(Microsoft.EntityFrameworkCore.ModelBuilder)
DA:20,0
DA:22,0
DA:23,0
DA:24,0
DA:26,0
DA:28,0
DA:29,0
DA:30,0
DA:31,0
DA:32,0
DA:33,0
DA:34,0
DA:35,0
DA:36,0
DA:37,0
DA:38,0
DA:39,0
DA:40,0
DA:41,0
DA:42,0
DA:43,0
DA:44,0
DA:45,0
DA:46,0
DA:47,0
DA:48,0
DA:49,0
DA:50,0
DA:51,0
DA:52,0
DA:53,0
DA:54,0
DA:55,0
DA:56,0
DA:57,0
DA:58,0
DA:59,0
DA:60,0
DA:61,0
DA:62,0
DA:63,0
DA:64,0
DA:65,0
DA:66,0
DA:67,0
DA:68,0
DA:69,0
DA:70,0
DA:71,0
DA:72,0
DA:73,0
DA:74,0
DA:75,0
DA:76,0
DA:77,0
DA:78,0
DA:79,0
DA:80,0
DA:81,0
DA:82,0
DA:83,0
DA:84,0
DA:85,0
DA:86,0
DA:87,0
DA:88,0
DA:89,0
DA:90,0
DA:91,0
DA:92,0
DA:93,0
DA:94,0
DA:95,0
DA:96,0
DA:97,0
DA:98,0
DA:99,0
DA:100,0
DA:101,0
DA:102,0
DA:103,0
DA:104,0
DA:105,0
DA:106,0
DA:107,0
DA:108,0
DA:109,0
DA:110,0
DA:111,0
DA:112,0
DA:113,0
DA:114,0
DA:115,0
DA:116,0
DA:117,0
DA:118,0
DA:120,0
DA:121,0
DA:122,0
DA:123,0
DA:124,0
DA:125,0
DA:126,0
DA:127,0
DA:128,0
DA:129,0
DA:130,0
DA:131,0
DA:132,0
DA:133,0
DA:134,0
DA:135,0
DA:136,0
DA:137,0
DA:138,0
DA:139,0
DA:140,0
DA:141,0
DA:142,0
DA:143,0
DA:144,0
DA:145,0
DA:147,0
DA:148,0
DA:149,0
DA:150,0
DA:151,0
DA:152,0
DA:153,0
DA:154,0
DA:155,0
DA:156,0
DA:157,0
DA:158,0
DA:159,0
DA:160,0
DA:161,0
DA:162,0
DA:163,0
DA:164,0
DA:165,0
DA:166,0
DA:167,0
DA:168,0
DA:169,0
DA:171,0
DA:172,0
DA:173,0
DA:174,0
DA:175,0
DA:176,0
DA:177,0
DA:178,0
DA:179,0
DA:180,0
DA:181,0
DA:182,0
DA:183,0
DA:184,0
DA:185,0
DA:186,0
DA:187,0
DA:188,0
DA:189,0
DA:190,0
DA:191,0
DA:192,0
DA:193,0
DA:195,0
DA:196,0
DA:197,0
DA:198,0
DA:199,0
DA:200,0
DA:201,0
DA:202,0
DA:203,0
DA:204,0
DA:205,0
DA:206,0
DA:207,0
DA:208,0
DA:209,0
DA:210,0
DA:211,0
DA:212,0
DA:213,0
DA:214,0
DA:216,0
DA:217,0
DA:218,0
DA:219,0
DA:220,0
DA:221,0
DA:222,0
DA:223,0
DA:224,0
DA:225,0
DA:226,0
DA:227,0
DA:228,0
DA:229,0
DA:231,0
DA:232,0
DA:233,0
DA:234,0
DA:235,0
DA:236,0
DA:237,0
DA:238,0
DA:239,0
DA:240,0
DA:241,0
DA:242,0
DA:243,0
DA:244,0
DA:245,0
DA:246,0
DA:247,0
DA:248,0
DA:250,0
DA:251,0
DA:252,0
DA:253,0
DA:254,0
DA:255,0
DA:256,0
DA:257,0
DA:259,0
DA:260,0
DA:261,0
DA:262,0
DA:263,0
DA:264,0
DA:265,0
DA:266,0
DA:268,0
DA:269,0
DA:270,0
DA:271,0
DA:272,0
DA:273,0
DA:274,0
DA:275,0
DA:277,0
DA:278,0
DA:279,0
DA:280,0
DA:281,0
DA:282,0
DA:283,0
DA:284,0
DA:285,0
DA:286,0
DA:287,0
DA:288,0
DA:289,0
DA:290,0
DA:292,0
DA:293,0
DA:294,0
DA:295,0
DA:296,0
DA:297,0
DA:298,0
DA:299,0
DA:301,0
LF:267
LH:0
BRF:0
BRH:0
FNF:1
FNH:0
end_of_record
SF:c:\Users\gazza\Desktop\anime-takusan\animetakusan\AnimeTakusan\AnimeTakusan.Infrastructure\DataPersistence\Migrations\20251205105440_User_ChangedTableName.cs
FN:11,System.Void AnimeTakusan.Infrastructure.DataPersistence.Migrations.User_ChangedTableName::Up(Microsoft.EntityFrameworkCore.Migrations.MigrationBuilder)
FNDA:0,System.Void AnimeTakusan.Infrastructure.DataPersistence.Migrations.User_ChangedTableName::Up(Microsoft.EntityFrameworkCore.Migrations.MigrationBuilder)
DA:12,0
DA:13,0
DA:14,0
DA:15,0
DA:17,0
DA:18,0
DA:19,0
DA:21,0
DA:22,0
DA:23,0
DA:25,0
DA:26,0
DA:27,0
DA:29,0
DA:30,0
DA:31,0
DA:33,0
DA:34,0
DA:35,0
DA:37,0
DA:38,0
DA:39,0
DA:40,0
DA:42,0
DA:43,0
DA:44,0
DA:45,0
DA:46,0
DA:47,0
DA:48,0
DA:50,0
DA:51,0
DA:52,0
DA:53,0
DA:54,0
DA:55,0
DA:56,0
DA:58,0
DA:59,0
DA:60,0
DA:61,0
DA:62,0
DA:63,0
DA:64,0
DA:66,0
DA:67,0
DA:68,0
DA:69,0
DA:70,0
DA:71,0
DA:72,0
DA:73,0
FN:76,System.Void AnimeTakusan.Infrastructure.DataPersistence.Migrations.User_ChangedTableName::Down(Microsoft.EntityFrameworkCore.Migrations.MigrationBuilder)
FNDA:0,System.Void AnimeTakusan.Infrastructure.DataPersistence.Migrations.User_ChangedTableName::Down(Microsoft.EntityFrameworkCore.Migrations.MigrationBuilder)
DA:77,0
DA:78,0
DA:79,0
DA:80,0
DA:82,0
DA:83,0
DA:84,0
DA:86,0
DA:87,0
DA:88,0
DA:90,0
DA:91,0
DA:92,0
DA:94,0
DA:95,0
DA:96,0
DA:98,0
DA:99,0
DA:100,0
DA:102,0
DA:103,0
DA:104,0
DA:105,0
DA:107,0
DA:108,0
DA:109,0
DA:110,0
DA:111,0
DA:112,0
DA:113,0
DA:115,0
DA:116,0
DA:117,0
DA:118,0
DA:119,0
DA:120,0
DA:121,0
DA:123,0
DA:124,0
DA:125,0
DA:126,0
DA:127,0
DA:128,0
DA:129,0
DA:131,0
DA:132,0
DA:133,0
DA:134,0
DA:135,0
DA:136,0
DA:137,0
DA:138,0
LF:104
LH:0
BRF:0
BRH:0
FNF:2
FNH:0
end_of_record
SF:c:\Users\gazza\Desktop\anime-takusan\animetakusan\AnimeTakusan\AnimeTakusan.Infrastructure\DataPersistence\Migrations\20251205105440_User_ChangedTableName.Designer.cs
FN:19,System.Void AnimeTakusan.Infrastructure.DataPersistence.Migrations.User_ChangedTableName::BuildTargetModel(Microsoft.EntityFrameworkCore.ModelBuilder)
FNDA:0,System.Void AnimeTakusan.Infrastructure.DataPersistence.Migrations.User_ChangedTableName::BuildTargetModel(Microsoft.EntityFrameworkCore.ModelBuilder)
DA:20,0
DA:22,0
DA:23,0
DA:24,0
DA:26,0
DA:28,0
DA:29,0
DA:30,0
DA:31,0
DA:32,0
DA:33,0
DA:34,0
DA:35,0
DA:36,0
DA:37,0
DA:38,0
DA:39,0
DA:40,0
DA:41,0
DA:42,0
DA:43,0
DA:44,0
DA:45,0
DA:46,0
DA:47,0
DA:48,0
DA:49,0
DA:50,0
DA:51,0
DA:52,0
DA:53,0
DA:54,0
DA:55,0
DA:56,0
DA:57,0
DA:58,0
DA:59,0
DA:60,0
DA:61,0
DA:62,0
DA:63,0
DA:64,0
DA:65,0
DA:66,0
DA:67,0
DA:68,0
DA:69,0
DA:70,0
DA:71,0
DA:72,0
DA:73,0
DA:74,0
DA:75,0
DA:76,0
DA:77,0
DA:78,0
DA:79,0
DA:80,0
DA:81,0
DA:82,0
DA:83,0
DA:84,0
DA:85,0
DA:86,0
DA:87,0
DA:88,0
DA:89,0
DA:90,0
DA:91,0
DA:92,0
DA:93,0
DA:94,0
DA:95,0
DA:96,0
DA:97,0
DA:98,0
DA:99,0
DA:100,0
DA:101,0
DA:102,0
DA:103,0
DA:104,0
DA:105,0
DA:106,0
DA:107,0
DA:108,0
DA:109,0
DA:110,0
DA:111,0
DA:112,0
DA:113,0
DA:114,0
DA:115,0
DA:116,0
DA:117,0
DA:118,0
DA:120,0
DA:121,0
DA:122,0
DA:123,0
DA:124,0
DA:125,0
DA:126,0
DA:127,0
DA:128,0
DA:129,0
DA:130,0
DA:131,0
DA:132,0
DA:133,0
DA:134,0
DA:135,0
DA:136,0
DA:137,0
DA:138,0
DA:139,0
DA:140,0
DA:141,0
DA:142,0
DA:143,0
DA:144,0
DA:145,0
DA:147,0
DA:148,0
DA:149,0
DA:150,0
DA:151,0
DA:152,0
DA:153,0
DA:154,0
DA:155,0
DA:156,0
DA:157,0
DA:158,0
DA:159,0
DA:160,0
DA:161,0
DA:162,0
DA:163,0
DA:164,0
DA:165,0
DA:166,0
DA:167,0
DA:168,0
DA:169,0
DA:171,0
DA:172,0
DA:173,0
DA:174,0
DA:175,0
DA:176,0
DA:177,0
DA:178,0
DA:179,0
DA:180,0
DA:181,0
DA:182,0
DA:183,0
DA:184,0
DA:185,0
DA:186,0
DA:187,0
DA:188,0
DA:189,0
DA:190,0
DA:191,0
DA:192,0
DA:193,0
DA:195,0
DA:196,0
DA:197,0
DA:198,0
DA:199,0
DA:200,0
DA:201,0
DA:202,0
DA:203,0
DA:204,0
DA:205,0
DA:206,0
DA:207,0
DA:208,0
DA:209,0
DA:210,0
DA:211,0
DA:212,0
DA:213,0
DA:214,0
DA:216,0
DA:217,0
DA:218,0
DA:219,0
DA:220,0
DA:221,0
DA:222,0
DA:223,0
DA:224,0
DA:225,0
DA:226,0
DA:227,0
DA:228,0
DA:229,0
DA:231,0
DA:232,0
DA:233,0
DA:234,0
DA:235,0
DA:236,0
DA:237,0
DA:238,0
DA:239,0
DA:240,0
DA:241,0
DA:242,0
DA:243,0
DA:244,0
DA:245,0
DA:246,0
DA:247,0
DA:248,0
DA:250,0
DA:251,0
DA:252,0
DA:253,0
DA:254,0
DA:255,0
DA:256,0
DA:257,0
DA:259,0
DA:260,0
DA:261,0
DA:262,0
DA:263,0
DA:264,0
DA:265,0
DA:266,0
DA:268,0
DA:269,0
DA:270,0
DA:271,0
DA:272,0
DA:273,0
DA:274,0
DA:275,0
DA:277,0
DA:278,0
DA:279,0
DA:280,0
DA:281,0
DA:282,0
DA:283,0
DA:284,0
DA:285,0
DA:286,0
DA:287,0
DA:288,0
DA:289,0
DA:290,0
DA:292,0
DA:293,0
DA:294,0
DA:295,0
DA:296,0
DA:297,0
DA:298,0
DA:299,0
DA:301,0
LF:267
LH:0
BRF:0
BRH:0
FNF:1
FNH:0
end_of_record
SF:c:\Users\gazza\Desktop\anime-takusan\animetakusan\AnimeTakusan\AnimeTakusan.Infrastructure\DataPersistence\Migrations\20251219103359_User_RefreshTokenExpiryNullable.cs
FN:12,System.Void AnimeTakusan.Infrastructure.DataPersistence.Migrations.User_RefreshTokenExpiryNullable::Up(Microsoft.EntityFrameworkCore.Migrations.MigrationBuilder)
FNDA:0,System.Void AnimeTakusan.Infrastructure.DataPersistence.Migrations.User_RefreshTokenExpiryNullable::Up(Microsoft.EntityFrameworkCore.Migrations.MigrationBuilder)
DA:13,0
DA:14,0
DA:15,0
DA:16,0
DA:17,0
DA:18,0
DA:19,0
DA:20,0
DA:21,0
FN:24,System.Void AnimeTakusan.Infrastructure.DataPersistence.Migrations.User_RefreshTokenExpiryNullable::Down(Microsoft.EntityFrameworkCore.Migrations.MigrationBuilder)
FNDA:0,System.Void AnimeTakusan.Infrastructure.DataPersistence.Migrations.User_RefreshTokenExpiryNullable::Down(Microsoft.EntityFrameworkCore.Migrations.MigrationBuilder)
DA:25,0
DA:26,0
DA:27,0
DA:28,0
DA:29,0
DA:30,0
DA:31,0
DA:32,0
DA:33,0
DA:34,0
DA:35,0
LF:20
LH:0
BRF:0
BRH:0
FNF:2
FNH:0
end_of_record
SF:c:\Users\gazza\Desktop\anime-takusan\animetakusan\AnimeTakusan\AnimeTakusan.Infrastructure\DataPersistence\Migrations\20251219103359_User_RefreshTokenExpiryNullable.Designer.cs
FN:19,System.Void AnimeTakusan.Infrastructure.DataPersistence.Migrations.User_RefreshTokenExpiryNullable::BuildTargetModel(Microsoft.EntityFrameworkCore.ModelBuilder)
FNDA:0,System.Void AnimeTakusan.Infrastructure.DataPersistence.Migrations.User_RefreshTokenExpiryNullable::BuildTargetModel(Microsoft.EntityFrameworkCore.ModelBuilder)
DA:20,0
DA:22,0
DA:23,0
DA:24,0
DA:26,0
DA:28,0
DA:29,0
DA:30,0
DA:31,0
DA:32,0
DA:33,0
DA:34,0
DA:35,0
DA:36,0
DA:37,0
DA:38,0
DA:39,0
DA:40,0
DA:41,0
DA:42,0
DA:43,0
DA:44,0
DA:45,0
DA:46,0
DA:47,0
DA:48,0
DA:49,0
DA:50,0
DA:51,0
DA:52,0
DA:53,0
DA:54,0
DA:55,0
DA:56,0
DA:57,0
DA:58,0
DA:59,0
DA:60,0
DA:61,0
DA:62,0
DA:63,0
DA:64,0
DA:65,0
DA:66,0
DA:67,0
DA:68,0
DA:69,0
DA:70,0
DA:71,0
DA:72,0
DA:73,0
DA:74,0
DA:75,0
DA:76,0
DA:77,0
DA:78,0
DA:79,0
DA:80,0
DA:81,0
DA:82,0
DA:83,0
DA:84,0
DA:85,0
DA:86,0
DA:87,0
DA:88,0
DA:89,0
DA:90,0
DA:91,0
DA:92,0
DA:93,0
DA:94,0
DA:95,0
DA:96,0
DA:97,0
DA:98,0
DA:99,0
DA:100,0
DA:101,0
DA:102,0
DA:103,0
DA:104,0
DA:105,0
DA:106,0
DA:107,0
DA:108,0
DA:109,0
DA:110,0
DA:111,0
DA:112,0
DA:113,0
DA:114,0
DA:115,0
DA:116,0
DA:117,0
DA:118,0
DA:120,0
DA:121,0
DA:122,0
DA:123,0
DA:124,0
DA:125,0
DA:126,0
DA:127,0
DA:128,0
DA:129,0
DA:130,0
DA:131,0
DA:132,0
DA:133,0
DA:134,0
DA:135,0
DA:136,0
DA:137,0
DA:138,0
DA:139,0
DA:140,0
DA:141,0
DA:142,0
DA:143,0
DA:144,0
DA:145,0
DA:147,0
DA:148,0
DA:149,0
DA:150,0
DA:151,0
DA:152,0
DA:153,0
DA:154,0
DA:155,0
DA:156,0
DA:157,0
DA:158,0
DA:159,0
DA:160,0
DA:161,0
DA:162,0
DA:163,0
DA:164,0
DA:165,0
DA:166,0
DA:167,0
DA:168,0
DA:169,0
DA:171,0
DA:172,0
DA:173,0
DA:174,0
DA:175,0
DA:176,0
DA:177,0
DA:178,0
DA:179,0
DA:180,0
DA:181,0
DA:182,0
DA:183,0
DA:184,0
DA:185,0
DA:186,0
DA:187,0
DA:188,0
DA:189,0
DA:190,0
DA:191,0
DA:192,0
DA:193,0
DA:195,0
DA:196,0
DA:197,0
DA:198,0
DA:199,0
DA:200,0
DA:201,0
DA:202,0
DA:203,0
DA:204,0
DA:205,0
DA:206,0
DA:207,0
DA:208,0
DA:209,0
DA:210,0
DA:211,0
DA:212,0
DA:213,0
DA:214,0
DA:216,0
DA:217,0
DA:218,0
DA:219,0
DA:220,0
DA:221,0
DA:222,0
DA:223,0
DA:224,0
DA:225,0
DA:226,0
DA:227,0
DA:228,0
DA:229,0
DA:231,0
DA:232,0
DA:233,0
DA:234,0
DA:235,0
DA:236,0
DA:237,0
DA:238,0
DA:239,0
DA:240,0
DA:241,0
DA:242,0
DA:243,0
DA:244,0
DA:245,0
DA:246,0
DA:247,0
DA:248,0
DA:250,0
DA:251,0
DA:252,0
DA:253,0
DA:254,0
DA:255,0
DA:256,0
DA:257,0
DA:259,0
DA:260,0
DA:261,0
DA:262,0
DA:263,0
DA:264,0
DA:265,0
DA:266,0
DA:268,0
DA:269,0
DA:270,0
DA:271,0
DA:272,0
DA:273,0
DA:274,0
DA:275,0
DA:277,0
DA:278,0
DA:279,0
DA:280,0
DA:281,0
DA:282,0
DA:283,0
DA:284,0
DA:285,0
DA:286,0
DA:287,0
DA:288,0
DA:289,0
DA:290,0
DA:292,0
DA:293,0
DA:294,0
DA:295,0
DA:296,0
DA:297,0
DA:298,0
DA:299,0
DA:301,0
LF:267
LH:0
BRF:0
BRH:0
FNF:1
FNH:0
end_of_record
SF:c:\Users\gazza\Desktop\anime-takusan\animetakusan\AnimeTakusan\AnimeTakusan.Infrastructure\DataPersistence\Migrations\BaseContextModelSnapshot.cs
FN:16,System.Void AnimeTakusan.Infrastructure.DataPersistence.Migrations.BaseContextModelSnapshot::BuildModel(Microsoft.EntityFrameworkCore.ModelBuilder)
FNDA:0,System.Void AnimeTakusan.Infrastructure.DataPersistence.Migrations.BaseContextModelSnapshot::BuildModel(Microsoft.EntityFrameworkCore.ModelBuilder)
DA:17,0
DA:19,0
DA:20,0
DA:21,0
DA:23,0
DA:25,0
DA:26,0
DA:27,0
DA:28,0
DA:29,0
DA:30,0
DA:31,0
DA:32,0
DA:33,0
DA:34,0
DA:35,0
DA:36,0
DA:37,0
DA:38,0
DA:39,0
DA:40,0
DA:41,0
DA:42,0
DA:43,0
DA:44,0
DA:45,0
DA:46,0
DA:47,0
DA:48,0
DA:49,0
DA:50,0
DA:51,0
DA:52,0
DA:53,0
DA:54,0
DA:55,0
DA:56,0
DA:57,0
DA:58,0
DA:59,0
DA:60,0
DA:61,0
DA:62,0
DA:63,0
DA:64,0
DA:65,0
DA:66,0
DA:67,0
DA:68,0
DA:69,0
DA:70,0
DA:71,0
DA:72,0
DA:73,0
DA:74,0
DA:75,0
DA:76,0
DA:77,0
DA:78,0
DA:79,0
DA:80,0
DA:81,0
DA:82,0
DA:83,0
DA:84,0
DA:85,0
DA:86,0
DA:87,0
DA:88,0
DA:89,0
DA:90,0
DA:91,0
DA:92,0
DA:93,0
DA:94,0
DA:95,0
DA:96,0
DA:97,0
DA:98,0
DA:99,0
DA:100,0
DA:101,0
DA:102,0
DA:103,0
DA:104,0
DA:105,0
DA:106,0
DA:107,0
DA:108,0
DA:109,0
DA:110,0
DA:111,0
DA:112,0
DA:113,0
DA:114,0
DA:115,0
DA:117,0
DA:118,0
DA:119,0
DA:120,0
DA:121,0
DA:122,0
DA:123,0
DA:124,0
DA:125,0
DA:126,0
DA:127,0
DA:128,0
DA:129,0
DA:130,0
DA:131,0
DA:132,0
DA:133,0
DA:134,0
DA:135,0
DA:136,0
DA:137,0
DA:138,0
DA:139,0
DA:140,0
DA:141,0
DA:142,0
DA:144,0
DA:145,0
DA:146,0
DA:147,0
DA:148,0
DA:149,0
DA:150,0
DA:151,0
DA:152,0
DA:153,0
DA:154,0
DA:155,0
DA:156,0
DA:157,0
DA:158,0
DA:159,0
DA:160,0
DA:161,0
DA:162,0
DA:163,0
DA:164,0
DA:165,0
DA:166,0
DA:168,0
DA:169,0
DA:170,0
DA:171,0
DA:172,0
DA:173,0
DA:174,0
DA:175,0
DA:176,0
DA:177,0
DA:178,0
DA:179,0
DA:180,0
DA:181,0
DA:182,0
DA:183,0
DA:184,0
DA:185,0
DA:186,0
DA:187,0
DA:188,0
DA:189,0
DA:190,0
DA:192,0
DA:193,0
DA:194,0
DA:195,0
DA:196,0
DA:197,0
DA:198,0
DA:199,0
DA:200,0
DA:201,0
DA:202,0
DA:203,0
DA:204,0
DA:205,0
DA:206,0
DA:207,0
DA:208,0
DA:209,0
DA:210,0
DA:211,0
DA:213,0
DA:214,0
DA:215,0
DA:216,0
DA:217,0
DA:218,0
DA:219,0
DA:220,0
DA:221,0
DA:222,0
DA:223,0
DA:224,0
DA:225,0
DA:226,0
DA:228,0
DA:229,0
DA:230,0
DA:231,0
DA:232,0
DA:233,0
DA:234,0
DA:235,0
DA:236,0
DA:237,0
DA:238,0
DA:239,0
DA:240,0
DA:241,0
DA:242,0
DA:243,0
DA:244,0
DA:245,0
DA:247,0
DA:248,0
DA:249,0
DA:250,0
DA:251,0
DA:252,0
DA:253,0
DA:254,0
DA:256,0
DA:257,0
DA:258,0
DA:259,0
DA:260,0
DA:261,0
DA:262,0
DA:263,0
DA:265,0
DA:266,0
DA:267,0
DA:268,0
DA:269,0
DA:270,0
DA:271,0
DA:272,0
DA:274,0
DA:275,0
DA:276,0
DA:277,0
DA:278,0
DA:279,0
DA:280,0
DA:281,0
DA:282,0
DA:283,0
DA:284,0
DA:285,0
DA:286,0
DA:287,0
DA:289,0
DA:290,0
DA:291,0
DA:292,0
DA:293,0
DA:294,0
DA:295,0
DA:296,0
DA:298,0
LF:267
LH:0
BRF:0
BRH:0
FNF:1
FNH:0
end_of_record
SF:c:\Users\gazza\Desktop\anime-takusan\animetakusan\AnimeTakusan\AnimeTakusan.Infrastructure\DataPersistence\DesignTime\DesignTimeDbContextFactory.cs
FN:10,AnimeTakusan.Infrastructure.Contexts.BaseContext AnimeTakusan.Infrastructure.DataPersistence.DesignTime.DesignTimeDbContextFactory::CreateDbContext(System.String[])
FNDA:0,AnimeTakusan.Infrastructure.Contexts.BaseContext AnimeTakusan.Infrastructure.DataPersistence.DesignTime.DesignTimeDbContextFactory::CreateDbContext(System.String[])
DA:11,0
DA:12,0
DA:13,0
DA:14,0
DA:15,0
DA:16,0
DA:18,0
DA:19,0
DA:21,0
DA:22,0
LF:10
LH:0
BRF:0
BRH:0
FNF:1
FNH:0
end_of_record
SF:c:\Users\gazza\Desktop\anime-takusan\animetakusan\AnimeTakusan\AnimeTakusan.Infrastructure\DataPersistence\Configurations\UserConfiguration.cs
FN:9,System.Void AnimeTakusan.Infrastructure.DataPersistence.Configurations.UserConfiguration::Configure(Microsoft.EntityFrameworkCore.Metadata.Builders.EntityTypeBuilder`1<AnimeTakusan.Domain.Entities.User>)
FNDA:0,System.Void AnimeTakusan.Infrastructure.DataPersistence.Configurations.UserConfiguration::Configure(Microsoft.EntityFrameworkCore.Metadata.Builders.EntityTypeBuilder`1<AnimeTakusan.Domain.Entities.User>)
DA:10,0
DA:11,0
DA:12,0
DA:13,0
DA:14,0
DA:15,0
DA:16,0
DA:17,0
DA:18,0
DA:19,0
DA:20,0
DA:21,0
LF:12
LH:0
BRF:0
BRH:0
FNF:1
FNH:0
end_of_record
SF:c:\Users\gazza\Desktop\anime-takusan\animetakusan\AnimeTakusan\AnimeTakusan.Infrastructure\Authentication\JwtHandler.cs
FN:26,System.String AnimeTakusan.Infrastructure.Authentication.JwtHandler::GetRefreshToken()
FNDA:0,System.String AnimeTakusan.Infrastructure.Authentication.JwtHandler::GetRefreshToken()
DA:27,0
DA:28,0
DA:29,0
FN:31,System.ValueTuple`2<System.String,System.DateTime> AnimeTakusan.Infrastructure.Authentication.JwtHandler::GenerateGuestAccessToken()
FNDA:0,System.ValueTuple`2<System.String,System.DateTime> AnimeTakusan.Infrastructure.Authentication.JwtHandler::GenerateGuestAccessToken()
DA:32,0
DA:33,0
DA:35,0
DA:36,0
DA:38,0
DA:39,0
DA:40,0
DA:41,0
DA:42,0
DA:44,0
DA:46,0
DA:47,0
DA:48,0
DA:49,0
DA:50,0
DA:51,0
DA:52,0
DA:54,0
DA:55,0
DA:56,0
DA:57,0
FN:59,System.ValueTuple`2<System.String,System.DateTime> AnimeTakusan.Infrastructure.Authentication.JwtHandler::GenerateUserAccessToken(System.String,AnimeTakusan.Domain.Entities.User,System.Collections.Generic.IList`1<System.String>)
FNDA:0,System.ValueTuple`2<System.String,System.DateTime> AnimeTakusan.Infrastructure.Authentication.JwtHandler::GenerateUserAccessToken(System.String,AnimeTakusan.Domain.Entities.User,System.Collections.Generic.IList`1<System.String>)
DA:60,0
DA:61,0
DA:63,0
DA:64,0
DA:66,0
DA:67,0
DA:68,0
DA:69,0
DA:70,0
DA:71,0
DA:72,0
DA:74,0
DA:75,0
DA:76,0
DA:77,0
DA:79,0
DA:81,0
DA:82,0
DA:83,0
DA:84,0
DA:85,0
DA:86,0
DA:87,0
DA:89,0
DA:90,0
DA:91,0
DA:92,0
BRDA:74,250,1,0
BRDA:74,250,0,0
FN:94,System.String AnimeTakusan.Infrastructure.Authentication.JwtHandler::GenerateRefreshToken()
FNDA:0,System.String AnimeTakusan.Infrastructure.Authentication.JwtHandler::GenerateRefreshToken()
DA:95,0
DA:96,0
DA:97,0
DA:98,0
DA:99,0
DA:100,0
FN:102,System.Void AnimeTakusan.Infrastructure.Authentication.JwtHandler::WriteRefreshTokenCookie(System.String)
FNDA:0,System.Void AnimeTakusan.Infrastructure.Authentication.JwtHandler::WriteRefreshTokenCookie(System.String)
DA:103,0
DA:104,0
DA:105,0
DA:106,0
DA:107,0
DA:108,0
DA:109,0
DA:110,0
DA:111,0
DA:112,0
DA:113,0
DA:114,0
DA:115,0
DA:116,0
BRDA:105,116,0,0
BRDA:105,116,1,0
FN:118,System.Void AnimeTakusan.Infrastructure.Authentication.JwtHandler::DeleteRefreshTokenCookie()
FNDA:0,System.Void AnimeTakusan.Infrastructure.Authentication.JwtHandler::DeleteRefreshTokenCookie()
DA:119,0
DA:120,0
DA:121,0
DA:122,0
DA:123,0
DA:124,0
DA:125,0
DA:126,0
DA:127,0
DA:128,0
DA:129,0
DA:130,0
DA:131,0
DA:132,0
BRDA:120,118,0,0
BRDA:120,118,1,0
FN:134,System.ValueTuple`3<System.String,System.String,System.String> AnimeTakusan.Infrastructure.Authentication.JwtHandler::ValidateJwtConfig()
FNDA:0,System.ValueTuple`3<System.String,System.String,System.String> AnimeTakusan.Infrastructure.Authentication.JwtHandler::ValidateJwtConfig()
DA:135,0
DA:136,0
DA:137,0
DA:138,0
DA:140,0
DA:141,0
DA:142,0
DA:144,0
DA:145,0
DA:146,0
DA:149,0
DA:150,0
BRDA:136,22,0,0
BRDA:136,22,1,0
BRDA:140,57,0,0
BRDA:140,57,1,0
BRDA:144,92,0,0
BRDA:144,92,1,0
FN:19,System.Void AnimeTakusan.Infrastructure.Authentication.JwtHandler::.ctor(Microsoft.Extensions.Configuration.IConfiguration,Microsoft.AspNetCore.Http.IHttpContextAccessor)
FNDA:0,System.Void AnimeTakusan.Infrastructure.Authentication.JwtHandler::.ctor(Microsoft.Extensions.Configuration.IConfiguration,Microsoft.AspNetCore.Http.IHttpContextAccessor)
DA:20,0
DA:21,0
DA:22,0
DA:23,0
DA:24,0
LF:102
LH:0
BRF:12
BRH:0
FNF:8
FNH:0
end_of_record
SF:c:\Users\gazza\Desktop\anime-takusan\animetakusan\AnimeTakusan\AnimeTakusan.Infrastructure\Authentication\UserRepository.cs
FN:11,System.Void AnimeTakusan.Infrastructure.Authentication.UserRepository::.ctor(AnimeTakusan.Infrastructure.Contexts.BaseContext)
FNDA:0,System.Void AnimeTakusan.Infrastructure.Authentication.UserRepository::.ctor(AnimeTakusan.Infrastructure.Contexts.BaseContext)
DA:12,0
DA:13,0
DA:14,0
DA:15,0
FN:17,System.Void AnimeTakusan.Infrastructure.Authentication.UserRepository/<GetUserByRefreshToken>d__2::MoveNext()
FNDA:0,System.Void AnimeTakusan.Infrastructure.Authentication.UserRepository/<GetUserByRefreshToken>d__2::MoveNext()
DA:18,0
DA:19,0
DA:20,0
DA:21,0
LF:8
LH:0
BRF:0
BRH:0
FNF:2
FNH:0
end_of_record